{"numFailedTestSuites":19,"numFailedTests":0,"numPassedTestSuites":0,"numPassedTests":0,"numPendingTestSuites":0,"numPendingTests":0,"numRuntimeErrorTestSuites":19,"numTodoTests":0,"numTotalTestSuites":19,"numTotalTests":0,"openHandles":[],"snapshot":{"added":0,"didUpdate":false,"failure":false,"filesAdded":0,"filesRemoved":0,"filesRemovedList":[],"filesUnmatched":0,"filesUpdated":0,"matched":0,"total":0,"unchecked":0,"uncheckedKeysByFile":[],"unmatched":0,"updated":0},"startTime":1747331792759,"success":false,"testResults":[{"assertionResults":[],"coverage":{},"endTime":1747331793372,"message":"  \u001b[1m● \u001b[22mTest suite failed to run\n\n    \u001b[1m\u001b[31mJest encountered an unexpected token\u001b[39m\u001b[22m\n\n    Jest failed to parse a file. This happens e.g. when your code or its dependencies use non-standard JavaScript syntax, or when Jest is not configured to support such syntax.\n\n    Out of the box Jest supports Babel, which will be used to transform your files into valid JS based on your Babel configuration.\n\n    By default \"node_modules\" folder is ignored by transformers.\n\n    Here's what you can do:\n     • If you are trying to use ECMAScript Modules, see \u001b[4mhttps://jestjs.io/docs/ecmascript-modules\u001b[24m for how to enable it.\n     • If you are trying to use TypeScript, see \u001b[4mhttps://jestjs.io/docs/getting-started#using-typescript\u001b[24m\n     • To have some of your \"node_modules\" files transformed, you can specify a custom \u001b[1m\"transformIgnorePatterns\"\u001b[22m in your config.\n     • If you need a custom transformation specify a \u001b[1m\"transform\"\u001b[22m option in your config.\n     • If you simply want to mock your non-JS modules (e.g. binary assets) you can stub them out with the \u001b[1m\"moduleNameMapper\"\u001b[22m config option.\n\n    You'll find more details and examples of these config options in the docs:\n    \u001b[36mhttps://jestjs.io/docs/configuration\u001b[39m\n    For information about custom transformations, see:\n    \u001b[36mhttps://jestjs.io/docs/code-transformation\u001b[39m\n\n    \u001b[1m\u001b[31mDetails:\u001b[39m\u001b[22m\n\n    SyntaxError: /Volumes/OWC STX NVMe/EVA Repos/eva-platform-frontend-main/evafi-ai-fe-demo/src/setupTests.ts: Missing semicolon. (8:7)\n\n    \u001b[0m \u001b[90m  6 |\u001b[39m\n     \u001b[90m  7 |\u001b[39m \u001b[90m// Setup global Jest types\u001b[39m\n    \u001b[31m\u001b[1m>\u001b[22m\u001b[39m\u001b[90m  8 |\u001b[39m declare global {\n     \u001b[90m    |\u001b[39m        \u001b[31m\u001b[1m^\u001b[22m\u001b[39m\n     \u001b[90m  9 |\u001b[39m   \u001b[90m// eslint-disable-next-line @typescript-eslint/no-namespace\u001b[39m\n     \u001b[90m 10 |\u001b[39m   namespace jest {\n     \u001b[90m 11 |\u001b[39m     \u001b[36minterface\u001b[39m \u001b[33mMatchers\u001b[39m\u001b[33m<\u001b[39m\u001b[33mR\u001b[39m\u001b[33m>\u001b[39m {\u001b[0m\n\n      \u001b[2mat toParseError (\u001b[22mnode_modules/@babel/parser/src/parse-error.ts\u001b[2m:95:45)\u001b[22m\n      \u001b[2mat Parser.raise (\u001b[22mnode_modules/@babel/parser/src/tokenizer/index.ts\u001b[2m:1503:19)\u001b[22m\n      \u001b[2mat Parser.semicolon (\u001b[22mnode_modules/@babel/parser/src/parser/util.ts\u001b[2m:150:10)\u001b[22m\n      \u001b[2mat Parser.parseExpressionStatement (\u001b[22mnode_modules/@babel/parser/src/parser/statement.ts\u001b[2m:1334:10)\u001b[22m\n      \u001b[2mat Parser.parseStatementContent (\u001b[22mnode_modules/@babel/parser/src/parser/statement.ts\u001b[2m:668:19)\u001b[22m\n      \u001b[2mat Parser.parseStatementLike (\u001b[22mnode_modules/@babel/parser/src/parser/statement.ts\u001b[2m:449:17)\u001b[22m\n      \u001b[2mat Parser.parseModuleItem (\u001b[22mnode_modules/@babel/parser/src/parser/statement.ts\u001b[2m:386:17)\u001b[22m\n      \u001b[2mat Parser.parseBlockOrModuleBlockBody (\u001b[22mnode_modules/@babel/parser/src/parser/statement.ts\u001b[2m:1414:16)\u001b[22m\n      \u001b[2mat Parser.parseBlockBody (\u001b[22mnode_modules/@babel/parser/src/parser/statement.ts\u001b[2m:1388:10)\u001b[22m\n      \u001b[2mat Parser.parseProgram (\u001b[22mnode_modules/@babel/parser/src/parser/statement.ts\u001b[2m:225:10)\u001b[22m\n      \u001b[2mat Parser.parseTopLevel (\u001b[22mnode_modules/@babel/parser/src/parser/statement.ts\u001b[2m:203:25)\u001b[22m\n      \u001b[2mat Parser.parse (\u001b[22mnode_modules/@babel/parser/src/parser/index.ts\u001b[2m:93:10)\u001b[22m\n      \u001b[2mat parse (\u001b[22mnode_modules/@babel/parser/src/index.ts\u001b[2m:92:38)\u001b[22m\n      \u001b[2mat parser (\u001b[22mnode_modules/@babel/core/src/parser/index.ts\u001b[2m:28:19)\u001b[22m\n          at parser.next (<anonymous>)\n      \u001b[2mat normalizeFile (\u001b[22mnode_modules/@babel/core/src/transformation/normalize-file.ts\u001b[2m:49:24)\u001b[22m\n          at normalizeFile.next (<anonymous>)\n      \u001b[2mat run (\u001b[22mnode_modules/@babel/core/src/transformation/index.ts\u001b[2m:40:36)\u001b[22m\n          at run.next (<anonymous>)\n      \u001b[2mat transform (\u001b[22mnode_modules/@babel/core/src/transform.ts\u001b[2m:29:20)\u001b[22m\n          at transform.next (<anonymous>)\n      \u001b[2mat evaluateSync (\u001b[22mnode_modules/gensync/index.js\u001b[2m:251:28)\u001b[22m\n      \u001b[2mat fn (\u001b[22mnode_modules/gensync/index.js\u001b[2m:89:14)\u001b[22m\n      \u001b[2mat stopHiding - secret - don't use this - v1 (\u001b[22mnode_modules/@babel/core/src/errors/rewrite-stack-trace.ts\u001b[2m:99:14)\u001b[22m\n      \u001b[2mat transformSync (\u001b[22mnode_modules/@babel/core/src/transform.ts\u001b[2m:66:52)\u001b[22m\n      \u001b[2mat ScriptTransformer.transformSource (\u001b[22mnode_modules/@jest/transform/build/ScriptTransformer.js\u001b[2m:619:31)\u001b[22m\n      \u001b[2mat ScriptTransformer._transformAndBuildScript (\u001b[22mnode_modules/@jest/transform/build/ScriptTransformer.js\u001b[2m:765:40)\u001b[22m\n      \u001b[2mat ScriptTransformer.transform (\u001b[22mnode_modules/@jest/transform/build/ScriptTransformer.js\u001b[2m:822:19)\u001b[22m\n","name":"/Volumes/OWC STX NVMe/EVA Repos/eva-platform-frontend-main/evafi-ai-fe-demo/src/components/risk/__tests__/RiskMapEvaReport.test.tsx","startTime":1747331793372,"status":"failed","summary":""},{"assertionResults":[],"coverage":{},"endTime":1747331793372,"message":"  \u001b[1m● \u001b[22mTest suite failed to run\n\n    \u001b[1m\u001b[31mJest encountered an unexpected token\u001b[39m\u001b[22m\n\n    Jest failed to parse a file. This happens e.g. when your code or its dependencies use non-standard JavaScript syntax, or when Jest is not configured to support such syntax.\n\n    Out of the box Jest supports Babel, which will be used to transform your files into valid JS based on your Babel configuration.\n\n    By default \"node_modules\" folder is ignored by transformers.\n\n    Here's what you can do:\n     • If you are trying to use ECMAScript Modules, see \u001b[4mhttps://jestjs.io/docs/ecmascript-modules\u001b[24m for how to enable it.\n     • If you are trying to use TypeScript, see \u001b[4mhttps://jestjs.io/docs/getting-started#using-typescript\u001b[24m\n     • To have some of your \"node_modules\" files transformed, you can specify a custom \u001b[1m\"transformIgnorePatterns\"\u001b[22m in your config.\n     • If you need a custom transformation specify a \u001b[1m\"transform\"\u001b[22m option in your config.\n     • If you simply want to mock your non-JS modules (e.g. binary assets) you can stub them out with the \u001b[1m\"moduleNameMapper\"\u001b[22m config option.\n\n    You'll find more details and examples of these config options in the docs:\n    \u001b[36mhttps://jestjs.io/docs/configuration\u001b[39m\n    For information about custom transformations, see:\n    \u001b[36mhttps://jestjs.io/docs/code-transformation\u001b[39m\n\n    \u001b[1m\u001b[31mDetails:\u001b[39m\u001b[22m\n\n    SyntaxError: /Volumes/OWC STX NVMe/EVA Repos/eva-platform-frontend-main/evafi-ai-fe-demo/src/setupTests.ts: Missing semicolon. (8:7)\n\n    \u001b[0m \u001b[90m  6 |\u001b[39m\n     \u001b[90m  7 |\u001b[39m \u001b[90m// Setup global Jest types\u001b[39m\n    \u001b[31m\u001b[1m>\u001b[22m\u001b[39m\u001b[90m  8 |\u001b[39m declare global {\n     \u001b[90m    |\u001b[39m        \u001b[31m\u001b[1m^\u001b[22m\u001b[39m\n     \u001b[90m  9 |\u001b[39m   \u001b[90m// eslint-disable-next-line @typescript-eslint/no-namespace\u001b[39m\n     \u001b[90m 10 |\u001b[39m   namespace jest {\n     \u001b[90m 11 |\u001b[39m     \u001b[36minterface\u001b[39m \u001b[33mMatchers\u001b[39m\u001b[33m<\u001b[39m\u001b[33mR\u001b[39m\u001b[33m>\u001b[39m {\u001b[0m\n\n      \u001b[2mat toParseError (\u001b[22mnode_modules/@babel/parser/src/parse-error.ts\u001b[2m:95:45)\u001b[22m\n      \u001b[2mat Parser.raise (\u001b[22mnode_modules/@babel/parser/src/tokenizer/index.ts\u001b[2m:1503:19)\u001b[22m\n      \u001b[2mat Parser.semicolon (\u001b[22mnode_modules/@babel/parser/src/parser/util.ts\u001b[2m:150:10)\u001b[22m\n      \u001b[2mat Parser.parseExpressionStatement (\u001b[22mnode_modules/@babel/parser/src/parser/statement.ts\u001b[2m:1334:10)\u001b[22m\n      \u001b[2mat Parser.parseStatementContent (\u001b[22mnode_modules/@babel/parser/src/parser/statement.ts\u001b[2m:668:19)\u001b[22m\n      \u001b[2mat Parser.parseStatementLike (\u001b[22mnode_modules/@babel/parser/src/parser/statement.ts\u001b[2m:449:17)\u001b[22m\n      \u001b[2mat Parser.parseModuleItem (\u001b[22mnode_modules/@babel/parser/src/parser/statement.ts\u001b[2m:386:17)\u001b[22m\n      \u001b[2mat Parser.parseBlockOrModuleBlockBody (\u001b[22mnode_modules/@babel/parser/src/parser/statement.ts\u001b[2m:1414:16)\u001b[22m\n      \u001b[2mat Parser.parseBlockBody (\u001b[22mnode_modules/@babel/parser/src/parser/statement.ts\u001b[2m:1388:10)\u001b[22m\n      \u001b[2mat Parser.parseProgram (\u001b[22mnode_modules/@babel/parser/src/parser/statement.ts\u001b[2m:225:10)\u001b[22m\n      \u001b[2mat Parser.parseTopLevel (\u001b[22mnode_modules/@babel/parser/src/parser/statement.ts\u001b[2m:203:25)\u001b[22m\n      \u001b[2mat Parser.parse (\u001b[22mnode_modules/@babel/parser/src/parser/index.ts\u001b[2m:93:10)\u001b[22m\n      \u001b[2mat parse (\u001b[22mnode_modules/@babel/parser/src/index.ts\u001b[2m:92:38)\u001b[22m\n      \u001b[2mat parser (\u001b[22mnode_modules/@babel/core/src/parser/index.ts\u001b[2m:28:19)\u001b[22m\n          at parser.next (<anonymous>)\n      \u001b[2mat normalizeFile (\u001b[22mnode_modules/@babel/core/src/transformation/normalize-file.ts\u001b[2m:49:24)\u001b[22m\n          at normalizeFile.next (<anonymous>)\n      \u001b[2mat run (\u001b[22mnode_modules/@babel/core/src/transformation/index.ts\u001b[2m:40:36)\u001b[22m\n          at run.next (<anonymous>)\n      \u001b[2mat transform (\u001b[22mnode_modules/@babel/core/src/transform.ts\u001b[2m:29:20)\u001b[22m\n          at transform.next (<anonymous>)\n      \u001b[2mat evaluateSync (\u001b[22mnode_modules/gensync/index.js\u001b[2m:251:28)\u001b[22m\n      \u001b[2mat fn (\u001b[22mnode_modules/gensync/index.js\u001b[2m:89:14)\u001b[22m\n      \u001b[2mat stopHiding - secret - don't use this - v1 (\u001b[22mnode_modules/@babel/core/src/errors/rewrite-stack-trace.ts\u001b[2m:99:14)\u001b[22m\n      \u001b[2mat transformSync (\u001b[22mnode_modules/@babel/core/src/transform.ts\u001b[2m:66:52)\u001b[22m\n      \u001b[2mat ScriptTransformer.transformSource (\u001b[22mnode_modules/@jest/transform/build/ScriptTransformer.js\u001b[2m:619:31)\u001b[22m\n      \u001b[2mat ScriptTransformer._transformAndBuildScript (\u001b[22mnode_modules/@jest/transform/build/ScriptTransformer.js\u001b[2m:765:40)\u001b[22m\n      \u001b[2mat ScriptTransformer.transform (\u001b[22mnode_modules/@jest/transform/build/ScriptTransformer.js\u001b[2m:822:19)\u001b[22m\n","name":"/Volumes/OWC STX NVMe/EVA Repos/eva-platform-frontend-main/evafi-ai-fe-demo/src/tests/typography.test.tsx","startTime":1747331793372,"status":"failed","summary":""},{"assertionResults":[],"coverage":{},"endTime":1747331793372,"message":"  \u001b[1m● \u001b[22mTest suite failed to run\n\n    \u001b[1m\u001b[31mJest encountered an unexpected token\u001b[39m\u001b[22m\n\n    Jest failed to parse a file. This happens e.g. when your code or its dependencies use non-standard JavaScript syntax, or when Jest is not configured to support such syntax.\n\n    Out of the box Jest supports Babel, which will be used to transform your files into valid JS based on your Babel configuration.\n\n    By default \"node_modules\" folder is ignored by transformers.\n\n    Here's what you can do:\n     • If you are trying to use ECMAScript Modules, see \u001b[4mhttps://jestjs.io/docs/ecmascript-modules\u001b[24m for how to enable it.\n     • If you are trying to use TypeScript, see \u001b[4mhttps://jestjs.io/docs/getting-started#using-typescript\u001b[24m\n     • To have some of your \"node_modules\" files transformed, you can specify a custom \u001b[1m\"transformIgnorePatterns\"\u001b[22m in your config.\n     • If you need a custom transformation specify a \u001b[1m\"transform\"\u001b[22m option in your config.\n     • If you simply want to mock your non-JS modules (e.g. binary assets) you can stub them out with the \u001b[1m\"moduleNameMapper\"\u001b[22m config option.\n\n    You'll find more details and examples of these config options in the docs:\n    \u001b[36mhttps://jestjs.io/docs/configuration\u001b[39m\n    For information about custom transformations, see:\n    \u001b[36mhttps://jestjs.io/docs/code-transformation\u001b[39m\n\n    \u001b[1m\u001b[31mDetails:\u001b[39m\u001b[22m\n\n    SyntaxError: /Volumes/OWC STX NVMe/EVA Repos/eva-platform-frontend-main/evafi-ai-fe-demo/src/setupTests.ts: Missing semicolon. (8:7)\n\n    \u001b[0m \u001b[90m  6 |\u001b[39m\n     \u001b[90m  7 |\u001b[39m \u001b[90m// Setup global Jest types\u001b[39m\n    \u001b[31m\u001b[1m>\u001b[22m\u001b[39m\u001b[90m  8 |\u001b[39m declare global {\n     \u001b[90m    |\u001b[39m        \u001b[31m\u001b[1m^\u001b[22m\u001b[39m\n     \u001b[90m  9 |\u001b[39m   \u001b[90m// eslint-disable-next-line @typescript-eslint/no-namespace\u001b[39m\n     \u001b[90m 10 |\u001b[39m   namespace jest {\n     \u001b[90m 11 |\u001b[39m     \u001b[36minterface\u001b[39m \u001b[33mMatchers\u001b[39m\u001b[33m<\u001b[39m\u001b[33mR\u001b[39m\u001b[33m>\u001b[39m {\u001b[0m\n\n      \u001b[2mat toParseError (\u001b[22mnode_modules/@babel/parser/src/parse-error.ts\u001b[2m:95:45)\u001b[22m\n      \u001b[2mat Parser.raise (\u001b[22mnode_modules/@babel/parser/src/tokenizer/index.ts\u001b[2m:1503:19)\u001b[22m\n      \u001b[2mat Parser.semicolon (\u001b[22mnode_modules/@babel/parser/src/parser/util.ts\u001b[2m:150:10)\u001b[22m\n      \u001b[2mat Parser.parseExpressionStatement (\u001b[22mnode_modules/@babel/parser/src/parser/statement.ts\u001b[2m:1334:10)\u001b[22m\n      \u001b[2mat Parser.parseStatementContent (\u001b[22mnode_modules/@babel/parser/src/parser/statement.ts\u001b[2m:668:19)\u001b[22m\n      \u001b[2mat Parser.parseStatementLike (\u001b[22mnode_modules/@babel/parser/src/parser/statement.ts\u001b[2m:449:17)\u001b[22m\n      \u001b[2mat Parser.parseModuleItem (\u001b[22mnode_modules/@babel/parser/src/parser/statement.ts\u001b[2m:386:17)\u001b[22m\n      \u001b[2mat Parser.parseBlockOrModuleBlockBody (\u001b[22mnode_modules/@babel/parser/src/parser/statement.ts\u001b[2m:1414:16)\u001b[22m\n      \u001b[2mat Parser.parseBlockBody (\u001b[22mnode_modules/@babel/parser/src/parser/statement.ts\u001b[2m:1388:10)\u001b[22m\n      \u001b[2mat Parser.parseProgram (\u001b[22mnode_modules/@babel/parser/src/parser/statement.ts\u001b[2m:225:10)\u001b[22m\n      \u001b[2mat Parser.parseTopLevel (\u001b[22mnode_modules/@babel/parser/src/parser/statement.ts\u001b[2m:203:25)\u001b[22m\n      \u001b[2mat Parser.parse (\u001b[22mnode_modules/@babel/parser/src/parser/index.ts\u001b[2m:93:10)\u001b[22m\n      \u001b[2mat parse (\u001b[22mnode_modules/@babel/parser/src/index.ts\u001b[2m:92:38)\u001b[22m\n      \u001b[2mat parser (\u001b[22mnode_modules/@babel/core/src/parser/index.ts\u001b[2m:28:19)\u001b[22m\n          at parser.next (<anonymous>)\n      \u001b[2mat normalizeFile (\u001b[22mnode_modules/@babel/core/src/transformation/normalize-file.ts\u001b[2m:49:24)\u001b[22m\n          at normalizeFile.next (<anonymous>)\n      \u001b[2mat run (\u001b[22mnode_modules/@babel/core/src/transformation/index.ts\u001b[2m:40:36)\u001b[22m\n          at run.next (<anonymous>)\n      \u001b[2mat transform (\u001b[22mnode_modules/@babel/core/src/transform.ts\u001b[2m:29:20)\u001b[22m\n          at transform.next (<anonymous>)\n      \u001b[2mat evaluateSync (\u001b[22mnode_modules/gensync/index.js\u001b[2m:251:28)\u001b[22m\n      \u001b[2mat fn (\u001b[22mnode_modules/gensync/index.js\u001b[2m:89:14)\u001b[22m\n      \u001b[2mat stopHiding - secret - don't use this - v1 (\u001b[22mnode_modules/@babel/core/src/errors/rewrite-stack-trace.ts\u001b[2m:99:14)\u001b[22m\n      \u001b[2mat transformSync (\u001b[22mnode_modules/@babel/core/src/transform.ts\u001b[2m:66:52)\u001b[22m\n      \u001b[2mat ScriptTransformer.transformSource (\u001b[22mnode_modules/@jest/transform/build/ScriptTransformer.js\u001b[2m:619:31)\u001b[22m\n      \u001b[2mat ScriptTransformer._transformAndBuildScript (\u001b[22mnode_modules/@jest/transform/build/ScriptTransformer.js\u001b[2m:765:40)\u001b[22m\n      \u001b[2mat ScriptTransformer.transform (\u001b[22mnode_modules/@jest/transform/build/ScriptTransformer.js\u001b[2m:822:19)\u001b[22m\n","name":"/Volumes/OWC STX NVMe/EVA Repos/eva-platform-frontend-main/evafi-ai-fe-demo/src/tests/CustomerRetentionIntegration.test.tsx","startTime":1747331793372,"status":"failed","summary":""},{"assertionResults":[],"coverage":{},"endTime":1747331793372,"message":"  \u001b[1m● \u001b[22mTest suite failed to run\n\n    \u001b[1m\u001b[31mJest encountered an unexpected token\u001b[39m\u001b[22m\n\n    Jest failed to parse a file. This happens e.g. when your code or its dependencies use non-standard JavaScript syntax, or when Jest is not configured to support such syntax.\n\n    Out of the box Jest supports Babel, which will be used to transform your files into valid JS based on your Babel configuration.\n\n    By default \"node_modules\" folder is ignored by transformers.\n\n    Here's what you can do:\n     • If you are trying to use ECMAScript Modules, see \u001b[4mhttps://jestjs.io/docs/ecmascript-modules\u001b[24m for how to enable it.\n     • If you are trying to use TypeScript, see \u001b[4mhttps://jestjs.io/docs/getting-started#using-typescript\u001b[24m\n     • To have some of your \"node_modules\" files transformed, you can specify a custom \u001b[1m\"transformIgnorePatterns\"\u001b[22m in your config.\n     • If you need a custom transformation specify a \u001b[1m\"transform\"\u001b[22m option in your config.\n     • If you simply want to mock your non-JS modules (e.g. binary assets) you can stub them out with the \u001b[1m\"moduleNameMapper\"\u001b[22m config option.\n\n    You'll find more details and examples of these config options in the docs:\n    \u001b[36mhttps://jestjs.io/docs/configuration\u001b[39m\n    For information about custom transformations, see:\n    \u001b[36mhttps://jestjs.io/docs/code-transformation\u001b[39m\n\n    \u001b[1m\u001b[31mDetails:\u001b[39m\u001b[22m\n\n    SyntaxError: /Volumes/OWC STX NVMe/EVA Repos/eva-platform-frontend-main/evafi-ai-fe-demo/src/setupTests.ts: Missing semicolon. (8:7)\n\n    \u001b[0m \u001b[90m  6 |\u001b[39m\n     \u001b[90m  7 |\u001b[39m \u001b[90m// Setup global Jest types\u001b[39m\n    \u001b[31m\u001b[1m>\u001b[22m\u001b[39m\u001b[90m  8 |\u001b[39m declare global {\n     \u001b[90m    |\u001b[39m        \u001b[31m\u001b[1m^\u001b[22m\u001b[39m\n     \u001b[90m  9 |\u001b[39m   \u001b[90m// eslint-disable-next-line @typescript-eslint/no-namespace\u001b[39m\n     \u001b[90m 10 |\u001b[39m   namespace jest {\n     \u001b[90m 11 |\u001b[39m     \u001b[36minterface\u001b[39m \u001b[33mMatchers\u001b[39m\u001b[33m<\u001b[39m\u001b[33mR\u001b[39m\u001b[33m>\u001b[39m {\u001b[0m\n\n      \u001b[2mat toParseError (\u001b[22mnode_modules/@babel/parser/src/parse-error.ts\u001b[2m:95:45)\u001b[22m\n      \u001b[2mat Parser.raise (\u001b[22mnode_modules/@babel/parser/src/tokenizer/index.ts\u001b[2m:1503:19)\u001b[22m\n      \u001b[2mat Parser.semicolon (\u001b[22mnode_modules/@babel/parser/src/parser/util.ts\u001b[2m:150:10)\u001b[22m\n      \u001b[2mat Parser.parseExpressionStatement (\u001b[22mnode_modules/@babel/parser/src/parser/statement.ts\u001b[2m:1334:10)\u001b[22m\n      \u001b[2mat Parser.parseStatementContent (\u001b[22mnode_modules/@babel/parser/src/parser/statement.ts\u001b[2m:668:19)\u001b[22m\n      \u001b[2mat Parser.parseStatementLike (\u001b[22mnode_modules/@babel/parser/src/parser/statement.ts\u001b[2m:449:17)\u001b[22m\n      \u001b[2mat Parser.parseModuleItem (\u001b[22mnode_modules/@babel/parser/src/parser/statement.ts\u001b[2m:386:17)\u001b[22m\n      \u001b[2mat Parser.parseBlockOrModuleBlockBody (\u001b[22mnode_modules/@babel/parser/src/parser/statement.ts\u001b[2m:1414:16)\u001b[22m\n      \u001b[2mat Parser.parseBlockBody (\u001b[22mnode_modules/@babel/parser/src/parser/statement.ts\u001b[2m:1388:10)\u001b[22m\n      \u001b[2mat Parser.parseProgram (\u001b[22mnode_modules/@babel/parser/src/parser/statement.ts\u001b[2m:225:10)\u001b[22m\n      \u001b[2mat Parser.parseTopLevel (\u001b[22mnode_modules/@babel/parser/src/parser/statement.ts\u001b[2m:203:25)\u001b[22m\n      \u001b[2mat Parser.parse (\u001b[22mnode_modules/@babel/parser/src/parser/index.ts\u001b[2m:93:10)\u001b[22m\n      \u001b[2mat parse (\u001b[22mnode_modules/@babel/parser/src/index.ts\u001b[2m:92:38)\u001b[22m\n      \u001b[2mat parser (\u001b[22mnode_modules/@babel/core/src/parser/index.ts\u001b[2m:28:19)\u001b[22m\n          at parser.next (<anonymous>)\n      \u001b[2mat normalizeFile (\u001b[22mnode_modules/@babel/core/src/transformation/normalize-file.ts\u001b[2m:49:24)\u001b[22m\n          at normalizeFile.next (<anonymous>)\n      \u001b[2mat run (\u001b[22mnode_modules/@babel/core/src/transformation/index.ts\u001b[2m:40:36)\u001b[22m\n          at run.next (<anonymous>)\n      \u001b[2mat transform (\u001b[22mnode_modules/@babel/core/src/transform.ts\u001b[2m:29:20)\u001b[22m\n          at transform.next (<anonymous>)\n      \u001b[2mat evaluateSync (\u001b[22mnode_modules/gensync/index.js\u001b[2m:251:28)\u001b[22m\n      \u001b[2mat fn (\u001b[22mnode_modules/gensync/index.js\u001b[2m:89:14)\u001b[22m\n      \u001b[2mat stopHiding - secret - don't use this - v1 (\u001b[22mnode_modules/@babel/core/src/errors/rewrite-stack-trace.ts\u001b[2m:99:14)\u001b[22m\n      \u001b[2mat transformSync (\u001b[22mnode_modules/@babel/core/src/transform.ts\u001b[2m:66:52)\u001b[22m\n      \u001b[2mat ScriptTransformer.transformSource (\u001b[22mnode_modules/@jest/transform/build/ScriptTransformer.js\u001b[2m:619:31)\u001b[22m\n      \u001b[2mat ScriptTransformer._transformAndBuildScript (\u001b[22mnode_modules/@jest/transform/build/ScriptTransformer.js\u001b[2m:765:40)\u001b[22m\n      \u001b[2mat ScriptTransformer.transform (\u001b[22mnode_modules/@jest/transform/build/ScriptTransformer.js\u001b[2m:822:19)\u001b[22m\n","name":"/Volumes/OWC STX NVMe/EVA Repos/eva-platform-frontend-main/evafi-ai-fe-demo/src/components/testing/__tests__/UserProfileSimulator.test.tsx","startTime":1747331793372,"status":"failed","summary":""},{"assertionResults":[],"coverage":{},"endTime":1747331793372,"message":"  \u001b[1m● \u001b[22mTest suite failed to run\n\n    \u001b[1m\u001b[31mJest encountered an unexpected token\u001b[39m\u001b[22m\n\n    Jest failed to parse a file. This happens e.g. when your code or its dependencies use non-standard JavaScript syntax, or when Jest is not configured to support such syntax.\n\n    Out of the box Jest supports Babel, which will be used to transform your files into valid JS based on your Babel configuration.\n\n    By default \"node_modules\" folder is ignored by transformers.\n\n    Here's what you can do:\n     • If you are trying to use ECMAScript Modules, see \u001b[4mhttps://jestjs.io/docs/ecmascript-modules\u001b[24m for how to enable it.\n     • If you are trying to use TypeScript, see \u001b[4mhttps://jestjs.io/docs/getting-started#using-typescript\u001b[24m\n     • To have some of your \"node_modules\" files transformed, you can specify a custom \u001b[1m\"transformIgnorePatterns\"\u001b[22m in your config.\n     • If you need a custom transformation specify a \u001b[1m\"transform\"\u001b[22m option in your config.\n     • If you simply want to mock your non-JS modules (e.g. binary assets) you can stub them out with the \u001b[1m\"moduleNameMapper\"\u001b[22m config option.\n\n    You'll find more details and examples of these config options in the docs:\n    \u001b[36mhttps://jestjs.io/docs/configuration\u001b[39m\n    For information about custom transformations, see:\n    \u001b[36mhttps://jestjs.io/docs/code-transformation\u001b[39m\n\n    \u001b[1m\u001b[31mDetails:\u001b[39m\u001b[22m\n\n    SyntaxError: /Volumes/OWC STX NVMe/EVA Repos/eva-platform-frontend-main/evafi-ai-fe-demo/src/setupTests.ts: Missing semicolon. (8:7)\n\n    \u001b[0m \u001b[90m  6 |\u001b[39m\n     \u001b[90m  7 |\u001b[39m \u001b[90m// Setup global Jest types\u001b[39m\n    \u001b[31m\u001b[1m>\u001b[22m\u001b[39m\u001b[90m  8 |\u001b[39m declare global {\n     \u001b[90m    |\u001b[39m        \u001b[31m\u001b[1m^\u001b[22m\u001b[39m\n     \u001b[90m  9 |\u001b[39m   \u001b[90m// eslint-disable-next-line @typescript-eslint/no-namespace\u001b[39m\n     \u001b[90m 10 |\u001b[39m   namespace jest {\n     \u001b[90m 11 |\u001b[39m     \u001b[36minterface\u001b[39m \u001b[33mMatchers\u001b[39m\u001b[33m<\u001b[39m\u001b[33mR\u001b[39m\u001b[33m>\u001b[39m {\u001b[0m\n\n      \u001b[2mat toParseError (\u001b[22mnode_modules/@babel/parser/src/parse-error.ts\u001b[2m:95:45)\u001b[22m\n      \u001b[2mat Parser.raise (\u001b[22mnode_modules/@babel/parser/src/tokenizer/index.ts\u001b[2m:1503:19)\u001b[22m\n      \u001b[2mat Parser.semicolon (\u001b[22mnode_modules/@babel/parser/src/parser/util.ts\u001b[2m:150:10)\u001b[22m\n      \u001b[2mat Parser.parseExpressionStatement (\u001b[22mnode_modules/@babel/parser/src/parser/statement.ts\u001b[2m:1334:10)\u001b[22m\n      \u001b[2mat Parser.parseStatementContent (\u001b[22mnode_modules/@babel/parser/src/parser/statement.ts\u001b[2m:668:19)\u001b[22m\n      \u001b[2mat Parser.parseStatementLike (\u001b[22mnode_modules/@babel/parser/src/parser/statement.ts\u001b[2m:449:17)\u001b[22m\n      \u001b[2mat Parser.parseModuleItem (\u001b[22mnode_modules/@babel/parser/src/parser/statement.ts\u001b[2m:386:17)\u001b[22m\n      \u001b[2mat Parser.parseBlockOrModuleBlockBody (\u001b[22mnode_modules/@babel/parser/src/parser/statement.ts\u001b[2m:1414:16)\u001b[22m\n      \u001b[2mat Parser.parseBlockBody (\u001b[22mnode_modules/@babel/parser/src/parser/statement.ts\u001b[2m:1388:10)\u001b[22m\n      \u001b[2mat Parser.parseProgram (\u001b[22mnode_modules/@babel/parser/src/parser/statement.ts\u001b[2m:225:10)\u001b[22m\n      \u001b[2mat Parser.parseTopLevel (\u001b[22mnode_modules/@babel/parser/src/parser/statement.ts\u001b[2m:203:25)\u001b[22m\n      \u001b[2mat Parser.parse (\u001b[22mnode_modules/@babel/parser/src/parser/index.ts\u001b[2m:93:10)\u001b[22m\n      \u001b[2mat parse (\u001b[22mnode_modules/@babel/parser/src/index.ts\u001b[2m:92:38)\u001b[22m\n      \u001b[2mat parser (\u001b[22mnode_modules/@babel/core/src/parser/index.ts\u001b[2m:28:19)\u001b[22m\n          at parser.next (<anonymous>)\n      \u001b[2mat normalizeFile (\u001b[22mnode_modules/@babel/core/src/transformation/normalize-file.ts\u001b[2m:49:24)\u001b[22m\n          at normalizeFile.next (<anonymous>)\n      \u001b[2mat run (\u001b[22mnode_modules/@babel/core/src/transformation/index.ts\u001b[2m:40:36)\u001b[22m\n          at run.next (<anonymous>)\n      \u001b[2mat transform (\u001b[22mnode_modules/@babel/core/src/transform.ts\u001b[2m:29:20)\u001b[22m\n          at transform.next (<anonymous>)\n      \u001b[2mat evaluateSync (\u001b[22mnode_modules/gensync/index.js\u001b[2m:251:28)\u001b[22m\n      \u001b[2mat fn (\u001b[22mnode_modules/gensync/index.js\u001b[2m:89:14)\u001b[22m\n      \u001b[2mat stopHiding - secret - don't use this - v1 (\u001b[22mnode_modules/@babel/core/src/errors/rewrite-stack-trace.ts\u001b[2m:99:14)\u001b[22m\n      \u001b[2mat transformSync (\u001b[22mnode_modules/@babel/core/src/transform.ts\u001b[2m:66:52)\u001b[22m\n      \u001b[2mat ScriptTransformer.transformSource (\u001b[22mnode_modules/@jest/transform/build/ScriptTransformer.js\u001b[2m:619:31)\u001b[22m\n      \u001b[2mat ScriptTransformer._transformAndBuildScript (\u001b[22mnode_modules/@jest/transform/build/ScriptTransformer.js\u001b[2m:765:40)\u001b[22m\n      \u001b[2mat ScriptTransformer.transform (\u001b[22mnode_modules/@jest/transform/build/ScriptTransformer.js\u001b[2m:822:19)\u001b[22m\n","name":"/Volumes/OWC STX NVMe/EVA Repos/eva-platform-frontend-main/evafi-ai-fe-demo/src/pages/__tests__/CustomerRetentionFlow.test.tsx","startTime":1747331793372,"status":"failed","summary":""},{"assertionResults":[],"coverage":{},"endTime":1747331793372,"message":"  \u001b[1m● \u001b[22mTest suite failed to run\n\n    \u001b[1m\u001b[31mJest encountered an unexpected token\u001b[39m\u001b[22m\n\n    Jest failed to parse a file. This happens e.g. when your code or its dependencies use non-standard JavaScript syntax, or when Jest is not configured to support such syntax.\n\n    Out of the box Jest supports Babel, which will be used to transform your files into valid JS based on your Babel configuration.\n\n    By default \"node_modules\" folder is ignored by transformers.\n\n    Here's what you can do:\n     • If you are trying to use ECMAScript Modules, see \u001b[4mhttps://jestjs.io/docs/ecmascript-modules\u001b[24m for how to enable it.\n     • If you are trying to use TypeScript, see \u001b[4mhttps://jestjs.io/docs/getting-started#using-typescript\u001b[24m\n     • To have some of your \"node_modules\" files transformed, you can specify a custom \u001b[1m\"transformIgnorePatterns\"\u001b[22m in your config.\n     • If you need a custom transformation specify a \u001b[1m\"transform\"\u001b[22m option in your config.\n     • If you simply want to mock your non-JS modules (e.g. binary assets) you can stub them out with the \u001b[1m\"moduleNameMapper\"\u001b[22m config option.\n\n    You'll find more details and examples of these config options in the docs:\n    \u001b[36mhttps://jestjs.io/docs/configuration\u001b[39m\n    For information about custom transformations, see:\n    \u001b[36mhttps://jestjs.io/docs/code-transformation\u001b[39m\n\n    \u001b[1m\u001b[31mDetails:\u001b[39m\u001b[22m\n\n    SyntaxError: /Volumes/OWC STX NVMe/EVA Repos/eva-platform-frontend-main/evafi-ai-fe-demo/src/setupTests.ts: Missing semicolon. (8:7)\n\n    \u001b[0m \u001b[90m  6 |\u001b[39m\n     \u001b[90m  7 |\u001b[39m \u001b[90m// Setup global Jest types\u001b[39m\n    \u001b[31m\u001b[1m>\u001b[22m\u001b[39m\u001b[90m  8 |\u001b[39m declare global {\n     \u001b[90m    |\u001b[39m        \u001b[31m\u001b[1m^\u001b[22m\u001b[39m\n     \u001b[90m  9 |\u001b[39m   \u001b[90m// eslint-disable-next-line @typescript-eslint/no-namespace\u001b[39m\n     \u001b[90m 10 |\u001b[39m   namespace jest {\n     \u001b[90m 11 |\u001b[39m     \u001b[36minterface\u001b[39m \u001b[33mMatchers\u001b[39m\u001b[33m<\u001b[39m\u001b[33mR\u001b[39m\u001b[33m>\u001b[39m {\u001b[0m\n\n      \u001b[2mat toParseError (\u001b[22mnode_modules/@babel/parser/src/parse-error.ts\u001b[2m:95:45)\u001b[22m\n      \u001b[2mat Parser.raise (\u001b[22mnode_modules/@babel/parser/src/tokenizer/index.ts\u001b[2m:1503:19)\u001b[22m\n      \u001b[2mat Parser.semicolon (\u001b[22mnode_modules/@babel/parser/src/parser/util.ts\u001b[2m:150:10)\u001b[22m\n      \u001b[2mat Parser.parseExpressionStatement (\u001b[22mnode_modules/@babel/parser/src/parser/statement.ts\u001b[2m:1334:10)\u001b[22m\n      \u001b[2mat Parser.parseStatementContent (\u001b[22mnode_modules/@babel/parser/src/parser/statement.ts\u001b[2m:668:19)\u001b[22m\n      \u001b[2mat Parser.parseStatementLike (\u001b[22mnode_modules/@babel/parser/src/parser/statement.ts\u001b[2m:449:17)\u001b[22m\n      \u001b[2mat Parser.parseModuleItem (\u001b[22mnode_modules/@babel/parser/src/parser/statement.ts\u001b[2m:386:17)\u001b[22m\n      \u001b[2mat Parser.parseBlockOrModuleBlockBody (\u001b[22mnode_modules/@babel/parser/src/parser/statement.ts\u001b[2m:1414:16)\u001b[22m\n      \u001b[2mat Parser.parseBlockBody (\u001b[22mnode_modules/@babel/parser/src/parser/statement.ts\u001b[2m:1388:10)\u001b[22m\n      \u001b[2mat Parser.parseProgram (\u001b[22mnode_modules/@babel/parser/src/parser/statement.ts\u001b[2m:225:10)\u001b[22m\n      \u001b[2mat Parser.parseTopLevel (\u001b[22mnode_modules/@babel/parser/src/parser/statement.ts\u001b[2m:203:25)\u001b[22m\n      \u001b[2mat Parser.parse (\u001b[22mnode_modules/@babel/parser/src/parser/index.ts\u001b[2m:93:10)\u001b[22m\n      \u001b[2mat parse (\u001b[22mnode_modules/@babel/parser/src/index.ts\u001b[2m:92:38)\u001b[22m\n      \u001b[2mat parser (\u001b[22mnode_modules/@babel/core/src/parser/index.ts\u001b[2m:28:19)\u001b[22m\n          at parser.next (<anonymous>)\n      \u001b[2mat normalizeFile (\u001b[22mnode_modules/@babel/core/src/transformation/normalize-file.ts\u001b[2m:49:24)\u001b[22m\n          at normalizeFile.next (<anonymous>)\n      \u001b[2mat run (\u001b[22mnode_modules/@babel/core/src/transformation/index.ts\u001b[2m:40:36)\u001b[22m\n          at run.next (<anonymous>)\n      \u001b[2mat transform (\u001b[22mnode_modules/@babel/core/src/transform.ts\u001b[2m:29:20)\u001b[22m\n          at transform.next (<anonymous>)\n      \u001b[2mat evaluateSync (\u001b[22mnode_modules/gensync/index.js\u001b[2m:251:28)\u001b[22m\n      \u001b[2mat fn (\u001b[22mnode_modules/gensync/index.js\u001b[2m:89:14)\u001b[22m\n      \u001b[2mat stopHiding - secret - don't use this - v1 (\u001b[22mnode_modules/@babel/core/src/errors/rewrite-stack-trace.ts\u001b[2m:99:14)\u001b[22m\n      \u001b[2mat transformSync (\u001b[22mnode_modules/@babel/core/src/transform.ts\u001b[2m:66:52)\u001b[22m\n      \u001b[2mat ScriptTransformer.transformSource (\u001b[22mnode_modules/@jest/transform/build/ScriptTransformer.js\u001b[2m:619:31)\u001b[22m\n      \u001b[2mat ScriptTransformer._transformAndBuildScript (\u001b[22mnode_modules/@jest/transform/build/ScriptTransformer.js\u001b[2m:765:40)\u001b[22m\n      \u001b[2mat ScriptTransformer.transform (\u001b[22mnode_modules/@jest/transform/build/ScriptTransformer.js\u001b[2m:822:19)\u001b[22m\n","name":"/Volumes/OWC STX NVMe/EVA Repos/eva-platform-frontend-main/evafi-ai-fe-demo/src/components/__tests__/EVAAssistantChat.test.tsx","startTime":1747331793372,"status":"failed","summary":""},{"assertionResults":[],"coverage":{},"endTime":1747331793372,"message":"  \u001b[1m● \u001b[22mTest suite failed to run\n\n    \u001b[1m\u001b[31mJest encountered an unexpected token\u001b[39m\u001b[22m\n\n    Jest failed to parse a file. This happens e.g. when your code or its dependencies use non-standard JavaScript syntax, or when Jest is not configured to support such syntax.\n\n    Out of the box Jest supports Babel, which will be used to transform your files into valid JS based on your Babel configuration.\n\n    By default \"node_modules\" folder is ignored by transformers.\n\n    Here's what you can do:\n     • If you are trying to use ECMAScript Modules, see \u001b[4mhttps://jestjs.io/docs/ecmascript-modules\u001b[24m for how to enable it.\n     • If you are trying to use TypeScript, see \u001b[4mhttps://jestjs.io/docs/getting-started#using-typescript\u001b[24m\n     • To have some of your \"node_modules\" files transformed, you can specify a custom \u001b[1m\"transformIgnorePatterns\"\u001b[22m in your config.\n     • If you need a custom transformation specify a \u001b[1m\"transform\"\u001b[22m option in your config.\n     • If you simply want to mock your non-JS modules (e.g. binary assets) you can stub them out with the \u001b[1m\"moduleNameMapper\"\u001b[22m config option.\n\n    You'll find more details and examples of these config options in the docs:\n    \u001b[36mhttps://jestjs.io/docs/configuration\u001b[39m\n    For information about custom transformations, see:\n    \u001b[36mhttps://jestjs.io/docs/code-transformation\u001b[39m\n\n    \u001b[1m\u001b[31mDetails:\u001b[39m\u001b[22m\n\n    SyntaxError: /Volumes/OWC STX NVMe/EVA Repos/eva-platform-frontend-main/evafi-ai-fe-demo/src/setupTests.ts: Missing semicolon. (8:7)\n\n    \u001b[0m \u001b[90m  6 |\u001b[39m\n     \u001b[90m  7 |\u001b[39m \u001b[90m// Setup global Jest types\u001b[39m\n    \u001b[31m\u001b[1m>\u001b[22m\u001b[39m\u001b[90m  8 |\u001b[39m declare global {\n     \u001b[90m    |\u001b[39m        \u001b[31m\u001b[1m^\u001b[22m\u001b[39m\n     \u001b[90m  9 |\u001b[39m   \u001b[90m// eslint-disable-next-line @typescript-eslint/no-namespace\u001b[39m\n     \u001b[90m 10 |\u001b[39m   namespace jest {\n     \u001b[90m 11 |\u001b[39m     \u001b[36minterface\u001b[39m \u001b[33mMatchers\u001b[39m\u001b[33m<\u001b[39m\u001b[33mR\u001b[39m\u001b[33m>\u001b[39m {\u001b[0m\n\n      \u001b[2mat toParseError (\u001b[22mnode_modules/@babel/parser/src/parse-error.ts\u001b[2m:95:45)\u001b[22m\n      \u001b[2mat Parser.raise (\u001b[22mnode_modules/@babel/parser/src/tokenizer/index.ts\u001b[2m:1503:19)\u001b[22m\n      \u001b[2mat Parser.semicolon (\u001b[22mnode_modules/@babel/parser/src/parser/util.ts\u001b[2m:150:10)\u001b[22m\n      \u001b[2mat Parser.parseExpressionStatement (\u001b[22mnode_modules/@babel/parser/src/parser/statement.ts\u001b[2m:1334:10)\u001b[22m\n      \u001b[2mat Parser.parseStatementContent (\u001b[22mnode_modules/@babel/parser/src/parser/statement.ts\u001b[2m:668:19)\u001b[22m\n      \u001b[2mat Parser.parseStatementLike (\u001b[22mnode_modules/@babel/parser/src/parser/statement.ts\u001b[2m:449:17)\u001b[22m\n      \u001b[2mat Parser.parseModuleItem (\u001b[22mnode_modules/@babel/parser/src/parser/statement.ts\u001b[2m:386:17)\u001b[22m\n      \u001b[2mat Parser.parseBlockOrModuleBlockBody (\u001b[22mnode_modules/@babel/parser/src/parser/statement.ts\u001b[2m:1414:16)\u001b[22m\n      \u001b[2mat Parser.parseBlockBody (\u001b[22mnode_modules/@babel/parser/src/parser/statement.ts\u001b[2m:1388:10)\u001b[22m\n      \u001b[2mat Parser.parseProgram (\u001b[22mnode_modules/@babel/parser/src/parser/statement.ts\u001b[2m:225:10)\u001b[22m\n      \u001b[2mat Parser.parseTopLevel (\u001b[22mnode_modules/@babel/parser/src/parser/statement.ts\u001b[2m:203:25)\u001b[22m\n      \u001b[2mat Parser.parse (\u001b[22mnode_modules/@babel/parser/src/parser/index.ts\u001b[2m:93:10)\u001b[22m\n      \u001b[2mat parse (\u001b[22mnode_modules/@babel/parser/src/index.ts\u001b[2m:92:38)\u001b[22m\n      \u001b[2mat parser (\u001b[22mnode_modules/@babel/core/src/parser/index.ts\u001b[2m:28:19)\u001b[22m\n          at parser.next (<anonymous>)\n      \u001b[2mat normalizeFile (\u001b[22mnode_modules/@babel/core/src/transformation/normalize-file.ts\u001b[2m:49:24)\u001b[22m\n          at normalizeFile.next (<anonymous>)\n      \u001b[2mat run (\u001b[22mnode_modules/@babel/core/src/transformation/index.ts\u001b[2m:40:36)\u001b[22m\n          at run.next (<anonymous>)\n      \u001b[2mat transform (\u001b[22mnode_modules/@babel/core/src/transform.ts\u001b[2m:29:20)\u001b[22m\n          at transform.next (<anonymous>)\n      \u001b[2mat evaluateSync (\u001b[22mnode_modules/gensync/index.js\u001b[2m:251:28)\u001b[22m\n      \u001b[2mat fn (\u001b[22mnode_modules/gensync/index.js\u001b[2m:89:14)\u001b[22m\n      \u001b[2mat stopHiding - secret - don't use this - v1 (\u001b[22mnode_modules/@babel/core/src/errors/rewrite-stack-trace.ts\u001b[2m:99:14)\u001b[22m\n      \u001b[2mat transformSync (\u001b[22mnode_modules/@babel/core/src/transform.ts\u001b[2m:66:52)\u001b[22m\n      \u001b[2mat ScriptTransformer.transformSource (\u001b[22mnode_modules/@jest/transform/build/ScriptTransformer.js\u001b[2m:619:31)\u001b[22m\n      \u001b[2mat ScriptTransformer._transformAndBuildScript (\u001b[22mnode_modules/@jest/transform/build/ScriptTransformer.js\u001b[2m:765:40)\u001b[22m\n      \u001b[2mat ScriptTransformer.transform (\u001b[22mnode_modules/@jest/transform/build/ScriptTransformer.js\u001b[2m:822:19)\u001b[22m\n","name":"/Volumes/OWC STX NVMe/EVA Repos/eva-platform-frontend-main/evafi-ai-fe-demo/src/components/__tests__/ResponsiveTestingPanel.test.tsx","startTime":1747331793372,"status":"failed","summary":""},{"assertionResults":[],"coverage":{},"endTime":1747331793372,"message":"  \u001b[1m● \u001b[22mTest suite failed to run\n\n    \u001b[1m\u001b[31mJest encountered an unexpected token\u001b[39m\u001b[22m\n\n    Jest failed to parse a file. This happens e.g. when your code or its dependencies use non-standard JavaScript syntax, or when Jest is not configured to support such syntax.\n\n    Out of the box Jest supports Babel, which will be used to transform your files into valid JS based on your Babel configuration.\n\n    By default \"node_modules\" folder is ignored by transformers.\n\n    Here's what you can do:\n     • If you are trying to use ECMAScript Modules, see \u001b[4mhttps://jestjs.io/docs/ecmascript-modules\u001b[24m for how to enable it.\n     • If you are trying to use TypeScript, see \u001b[4mhttps://jestjs.io/docs/getting-started#using-typescript\u001b[24m\n     • To have some of your \"node_modules\" files transformed, you can specify a custom \u001b[1m\"transformIgnorePatterns\"\u001b[22m in your config.\n     • If you need a custom transformation specify a \u001b[1m\"transform\"\u001b[22m option in your config.\n     • If you simply want to mock your non-JS modules (e.g. binary assets) you can stub them out with the \u001b[1m\"moduleNameMapper\"\u001b[22m config option.\n\n    You'll find more details and examples of these config options in the docs:\n    \u001b[36mhttps://jestjs.io/docs/configuration\u001b[39m\n    For information about custom transformations, see:\n    \u001b[36mhttps://jestjs.io/docs/code-transformation\u001b[39m\n\n    \u001b[1m\u001b[31mDetails:\u001b[39m\u001b[22m\n\n    SyntaxError: /Volumes/OWC STX NVMe/EVA Repos/eva-platform-frontend-main/evafi-ai-fe-demo/src/setupTests.ts: Missing semicolon. (8:7)\n\n    \u001b[0m \u001b[90m  6 |\u001b[39m\n     \u001b[90m  7 |\u001b[39m \u001b[90m// Setup global Jest types\u001b[39m\n    \u001b[31m\u001b[1m>\u001b[22m\u001b[39m\u001b[90m  8 |\u001b[39m declare global {\n     \u001b[90m    |\u001b[39m        \u001b[31m\u001b[1m^\u001b[22m\u001b[39m\n     \u001b[90m  9 |\u001b[39m   \u001b[90m// eslint-disable-next-line @typescript-eslint/no-namespace\u001b[39m\n     \u001b[90m 10 |\u001b[39m   namespace jest {\n     \u001b[90m 11 |\u001b[39m     \u001b[36minterface\u001b[39m \u001b[33mMatchers\u001b[39m\u001b[33m<\u001b[39m\u001b[33mR\u001b[39m\u001b[33m>\u001b[39m {\u001b[0m\n\n      \u001b[2mat toParseError (\u001b[22mnode_modules/@babel/parser/src/parse-error.ts\u001b[2m:95:45)\u001b[22m\n      \u001b[2mat Parser.raise (\u001b[22mnode_modules/@babel/parser/src/tokenizer/index.ts\u001b[2m:1503:19)\u001b[22m\n      \u001b[2mat Parser.semicolon (\u001b[22mnode_modules/@babel/parser/src/parser/util.ts\u001b[2m:150:10)\u001b[22m\n      \u001b[2mat Parser.parseExpressionStatement (\u001b[22mnode_modules/@babel/parser/src/parser/statement.ts\u001b[2m:1334:10)\u001b[22m\n      \u001b[2mat Parser.parseStatementContent (\u001b[22mnode_modules/@babel/parser/src/parser/statement.ts\u001b[2m:668:19)\u001b[22m\n      \u001b[2mat Parser.parseStatementLike (\u001b[22mnode_modules/@babel/parser/src/parser/statement.ts\u001b[2m:449:17)\u001b[22m\n      \u001b[2mat Parser.parseModuleItem (\u001b[22mnode_modules/@babel/parser/src/parser/statement.ts\u001b[2m:386:17)\u001b[22m\n      \u001b[2mat Parser.parseBlockOrModuleBlockBody (\u001b[22mnode_modules/@babel/parser/src/parser/statement.ts\u001b[2m:1414:16)\u001b[22m\n      \u001b[2mat Parser.parseBlockBody (\u001b[22mnode_modules/@babel/parser/src/parser/statement.ts\u001b[2m:1388:10)\u001b[22m\n      \u001b[2mat Parser.parseProgram (\u001b[22mnode_modules/@babel/parser/src/parser/statement.ts\u001b[2m:225:10)\u001b[22m\n      \u001b[2mat Parser.parseTopLevel (\u001b[22mnode_modules/@babel/parser/src/parser/statement.ts\u001b[2m:203:25)\u001b[22m\n      \u001b[2mat Parser.parse (\u001b[22mnode_modules/@babel/parser/src/parser/index.ts\u001b[2m:93:10)\u001b[22m\n      \u001b[2mat parse (\u001b[22mnode_modules/@babel/parser/src/index.ts\u001b[2m:92:38)\u001b[22m\n      \u001b[2mat parser (\u001b[22mnode_modules/@babel/core/src/parser/index.ts\u001b[2m:28:19)\u001b[22m\n          at parser.next (<anonymous>)\n      \u001b[2mat normalizeFile (\u001b[22mnode_modules/@babel/core/src/transformation/normalize-file.ts\u001b[2m:49:24)\u001b[22m\n          at normalizeFile.next (<anonymous>)\n      \u001b[2mat run (\u001b[22mnode_modules/@babel/core/src/transformation/index.ts\u001b[2m:40:36)\u001b[22m\n          at run.next (<anonymous>)\n      \u001b[2mat transform (\u001b[22mnode_modules/@babel/core/src/transform.ts\u001b[2m:29:20)\u001b[22m\n          at transform.next (<anonymous>)\n      \u001b[2mat evaluateSync (\u001b[22mnode_modules/gensync/index.js\u001b[2m:251:28)\u001b[22m\n      \u001b[2mat fn (\u001b[22mnode_modules/gensync/index.js\u001b[2m:89:14)\u001b[22m\n      \u001b[2mat stopHiding - secret - don't use this - v1 (\u001b[22mnode_modules/@babel/core/src/errors/rewrite-stack-trace.ts\u001b[2m:99:14)\u001b[22m\n      \u001b[2mat transformSync (\u001b[22mnode_modules/@babel/core/src/transform.ts\u001b[2m:66:52)\u001b[22m\n      \u001b[2mat ScriptTransformer.transformSource (\u001b[22mnode_modules/@jest/transform/build/ScriptTransformer.js\u001b[2m:619:31)\u001b[22m\n      \u001b[2mat ScriptTransformer._transformAndBuildScript (\u001b[22mnode_modules/@jest/transform/build/ScriptTransformer.js\u001b[2m:765:40)\u001b[22m\n      \u001b[2mat ScriptTransformer.transform (\u001b[22mnode_modules/@jest/transform/build/ScriptTransformer.js\u001b[2m:822:19)\u001b[22m\n","name":"/Volumes/OWC STX NVMe/EVA Repos/eva-platform-frontend-main/evafi-ai-fe-demo/src/pages/__tests__/ApiDocumentation.test.tsx","startTime":1747331793372,"status":"failed","summary":""},{"assertionResults":[],"coverage":{},"endTime":1747331793372,"message":"  \u001b[1m● \u001b[22mTest suite failed to run\n\n    \u001b[1m\u001b[31mJest encountered an unexpected token\u001b[39m\u001b[22m\n\n    Jest failed to parse a file. This happens e.g. when your code or its dependencies use non-standard JavaScript syntax, or when Jest is not configured to support such syntax.\n\n    Out of the box Jest supports Babel, which will be used to transform your files into valid JS based on your Babel configuration.\n\n    By default \"node_modules\" folder is ignored by transformers.\n\n    Here's what you can do:\n     • If you are trying to use ECMAScript Modules, see \u001b[4mhttps://jestjs.io/docs/ecmascript-modules\u001b[24m for how to enable it.\n     • If you are trying to use TypeScript, see \u001b[4mhttps://jestjs.io/docs/getting-started#using-typescript\u001b[24m\n     • To have some of your \"node_modules\" files transformed, you can specify a custom \u001b[1m\"transformIgnorePatterns\"\u001b[22m in your config.\n     • If you need a custom transformation specify a \u001b[1m\"transform\"\u001b[22m option in your config.\n     • If you simply want to mock your non-JS modules (e.g. binary assets) you can stub them out with the \u001b[1m\"moduleNameMapper\"\u001b[22m config option.\n\n    You'll find more details and examples of these config options in the docs:\n    \u001b[36mhttps://jestjs.io/docs/configuration\u001b[39m\n    For information about custom transformations, see:\n    \u001b[36mhttps://jestjs.io/docs/code-transformation\u001b[39m\n\n    \u001b[1m\u001b[31mDetails:\u001b[39m\u001b[22m\n\n    SyntaxError: /Volumes/OWC STX NVMe/EVA Repos/eva-platform-frontend-main/evafi-ai-fe-demo/src/setupTests.ts: Missing semicolon. (8:7)\n\n    \u001b[0m \u001b[90m  6 |\u001b[39m\n     \u001b[90m  7 |\u001b[39m \u001b[90m// Setup global Jest types\u001b[39m\n    \u001b[31m\u001b[1m>\u001b[22m\u001b[39m\u001b[90m  8 |\u001b[39m declare global {\n     \u001b[90m    |\u001b[39m        \u001b[31m\u001b[1m^\u001b[22m\u001b[39m\n     \u001b[90m  9 |\u001b[39m   \u001b[90m// eslint-disable-next-line @typescript-eslint/no-namespace\u001b[39m\n     \u001b[90m 10 |\u001b[39m   namespace jest {\n     \u001b[90m 11 |\u001b[39m     \u001b[36minterface\u001b[39m \u001b[33mMatchers\u001b[39m\u001b[33m<\u001b[39m\u001b[33mR\u001b[39m\u001b[33m>\u001b[39m {\u001b[0m\n\n      \u001b[2mat toParseError (\u001b[22mnode_modules/@babel/parser/src/parse-error.ts\u001b[2m:95:45)\u001b[22m\n      \u001b[2mat Parser.raise (\u001b[22mnode_modules/@babel/parser/src/tokenizer/index.ts\u001b[2m:1503:19)\u001b[22m\n      \u001b[2mat Parser.semicolon (\u001b[22mnode_modules/@babel/parser/src/parser/util.ts\u001b[2m:150:10)\u001b[22m\n      \u001b[2mat Parser.parseExpressionStatement (\u001b[22mnode_modules/@babel/parser/src/parser/statement.ts\u001b[2m:1334:10)\u001b[22m\n      \u001b[2mat Parser.parseStatementContent (\u001b[22mnode_modules/@babel/parser/src/parser/statement.ts\u001b[2m:668:19)\u001b[22m\n      \u001b[2mat Parser.parseStatementLike (\u001b[22mnode_modules/@babel/parser/src/parser/statement.ts\u001b[2m:449:17)\u001b[22m\n      \u001b[2mat Parser.parseModuleItem (\u001b[22mnode_modules/@babel/parser/src/parser/statement.ts\u001b[2m:386:17)\u001b[22m\n      \u001b[2mat Parser.parseBlockOrModuleBlockBody (\u001b[22mnode_modules/@babel/parser/src/parser/statement.ts\u001b[2m:1414:16)\u001b[22m\n      \u001b[2mat Parser.parseBlockBody (\u001b[22mnode_modules/@babel/parser/src/parser/statement.ts\u001b[2m:1388:10)\u001b[22m\n      \u001b[2mat Parser.parseProgram (\u001b[22mnode_modules/@babel/parser/src/parser/statement.ts\u001b[2m:225:10)\u001b[22m\n      \u001b[2mat Parser.parseTopLevel (\u001b[22mnode_modules/@babel/parser/src/parser/statement.ts\u001b[2m:203:25)\u001b[22m\n      \u001b[2mat Parser.parse (\u001b[22mnode_modules/@babel/parser/src/parser/index.ts\u001b[2m:93:10)\u001b[22m\n      \u001b[2mat parse (\u001b[22mnode_modules/@babel/parser/src/index.ts\u001b[2m:92:38)\u001b[22m\n      \u001b[2mat parser (\u001b[22mnode_modules/@babel/core/src/parser/index.ts\u001b[2m:28:19)\u001b[22m\n          at parser.next (<anonymous>)\n      \u001b[2mat normalizeFile (\u001b[22mnode_modules/@babel/core/src/transformation/normalize-file.ts\u001b[2m:49:24)\u001b[22m\n          at normalizeFile.next (<anonymous>)\n      \u001b[2mat run (\u001b[22mnode_modules/@babel/core/src/transformation/index.ts\u001b[2m:40:36)\u001b[22m\n          at run.next (<anonymous>)\n      \u001b[2mat transform (\u001b[22mnode_modules/@babel/core/src/transform.ts\u001b[2m:29:20)\u001b[22m\n          at transform.next (<anonymous>)\n      \u001b[2mat evaluateSync (\u001b[22mnode_modules/gensync/index.js\u001b[2m:251:28)\u001b[22m\n      \u001b[2mat fn (\u001b[22mnode_modules/gensync/index.js\u001b[2m:89:14)\u001b[22m\n      \u001b[2mat stopHiding - secret - don't use this - v1 (\u001b[22mnode_modules/@babel/core/src/errors/rewrite-stack-trace.ts\u001b[2m:99:14)\u001b[22m\n      \u001b[2mat transformSync (\u001b[22mnode_modules/@babel/core/src/transform.ts\u001b[2m:66:52)\u001b[22m\n      \u001b[2mat ScriptTransformer.transformSource (\u001b[22mnode_modules/@jest/transform/build/ScriptTransformer.js\u001b[2m:619:31)\u001b[22m\n      \u001b[2mat ScriptTransformer._transformAndBuildScript (\u001b[22mnode_modules/@jest/transform/build/ScriptTransformer.js\u001b[2m:765:40)\u001b[22m\n      \u001b[2mat ScriptTransformer.transform (\u001b[22mnode_modules/@jest/transform/build/ScriptTransformer.js\u001b[2m:822:19)\u001b[22m\n","name":"/Volumes/OWC STX NVMe/EVA Repos/eva-platform-frontend-main/evafi-ai-fe-demo/src/components/common/__tests__/SwaggerUI.test.tsx","startTime":1747331793372,"status":"failed","summary":""},{"assertionResults":[],"coverage":{},"endTime":1747331793372,"message":"  \u001b[1m● \u001b[22mTest suite failed to run\n\n    \u001b[1m\u001b[31mJest encountered an unexpected token\u001b[39m\u001b[22m\n\n    Jest failed to parse a file. This happens e.g. when your code or its dependencies use non-standard JavaScript syntax, or when Jest is not configured to support such syntax.\n\n    Out of the box Jest supports Babel, which will be used to transform your files into valid JS based on your Babel configuration.\n\n    By default \"node_modules\" folder is ignored by transformers.\n\n    Here's what you can do:\n     • If you are trying to use ECMAScript Modules, see \u001b[4mhttps://jestjs.io/docs/ecmascript-modules\u001b[24m for how to enable it.\n     • If you are trying to use TypeScript, see \u001b[4mhttps://jestjs.io/docs/getting-started#using-typescript\u001b[24m\n     • To have some of your \"node_modules\" files transformed, you can specify a custom \u001b[1m\"transformIgnorePatterns\"\u001b[22m in your config.\n     • If you need a custom transformation specify a \u001b[1m\"transform\"\u001b[22m option in your config.\n     • If you simply want to mock your non-JS modules (e.g. binary assets) you can stub them out with the \u001b[1m\"moduleNameMapper\"\u001b[22m config option.\n\n    You'll find more details and examples of these config options in the docs:\n    \u001b[36mhttps://jestjs.io/docs/configuration\u001b[39m\n    For information about custom transformations, see:\n    \u001b[36mhttps://jestjs.io/docs/code-transformation\u001b[39m\n\n    \u001b[1m\u001b[31mDetails:\u001b[39m\u001b[22m\n\n    SyntaxError: /Volumes/OWC STX NVMe/EVA Repos/eva-platform-frontend-main/evafi-ai-fe-demo/src/setupTests.ts: Missing semicolon. (8:7)\n\n    \u001b[0m \u001b[90m  6 |\u001b[39m\n     \u001b[90m  7 |\u001b[39m \u001b[90m// Setup global Jest types\u001b[39m\n    \u001b[31m\u001b[1m>\u001b[22m\u001b[39m\u001b[90m  8 |\u001b[39m declare global {\n     \u001b[90m    |\u001b[39m        \u001b[31m\u001b[1m^\u001b[22m\u001b[39m\n     \u001b[90m  9 |\u001b[39m   \u001b[90m// eslint-disable-next-line @typescript-eslint/no-namespace\u001b[39m\n     \u001b[90m 10 |\u001b[39m   namespace jest {\n     \u001b[90m 11 |\u001b[39m     \u001b[36minterface\u001b[39m \u001b[33mMatchers\u001b[39m\u001b[33m<\u001b[39m\u001b[33mR\u001b[39m\u001b[33m>\u001b[39m {\u001b[0m\n\n      \u001b[2mat toParseError (\u001b[22mnode_modules/@babel/parser/src/parse-error.ts\u001b[2m:95:45)\u001b[22m\n      \u001b[2mat Parser.raise (\u001b[22mnode_modules/@babel/parser/src/tokenizer/index.ts\u001b[2m:1503:19)\u001b[22m\n      \u001b[2mat Parser.semicolon (\u001b[22mnode_modules/@babel/parser/src/parser/util.ts\u001b[2m:150:10)\u001b[22m\n      \u001b[2mat Parser.parseExpressionStatement (\u001b[22mnode_modules/@babel/parser/src/parser/statement.ts\u001b[2m:1334:10)\u001b[22m\n      \u001b[2mat Parser.parseStatementContent (\u001b[22mnode_modules/@babel/parser/src/parser/statement.ts\u001b[2m:668:19)\u001b[22m\n      \u001b[2mat Parser.parseStatementLike (\u001b[22mnode_modules/@babel/parser/src/parser/statement.ts\u001b[2m:449:17)\u001b[22m\n      \u001b[2mat Parser.parseModuleItem (\u001b[22mnode_modules/@babel/parser/src/parser/statement.ts\u001b[2m:386:17)\u001b[22m\n      \u001b[2mat Parser.parseBlockOrModuleBlockBody (\u001b[22mnode_modules/@babel/parser/src/parser/statement.ts\u001b[2m:1414:16)\u001b[22m\n      \u001b[2mat Parser.parseBlockBody (\u001b[22mnode_modules/@babel/parser/src/parser/statement.ts\u001b[2m:1388:10)\u001b[22m\n      \u001b[2mat Parser.parseProgram (\u001b[22mnode_modules/@babel/parser/src/parser/statement.ts\u001b[2m:225:10)\u001b[22m\n      \u001b[2mat Parser.parseTopLevel (\u001b[22mnode_modules/@babel/parser/src/parser/statement.ts\u001b[2m:203:25)\u001b[22m\n      \u001b[2mat Parser.parse (\u001b[22mnode_modules/@babel/parser/src/parser/index.ts\u001b[2m:93:10)\u001b[22m\n      \u001b[2mat parse (\u001b[22mnode_modules/@babel/parser/src/index.ts\u001b[2m:92:38)\u001b[22m\n      \u001b[2mat parser (\u001b[22mnode_modules/@babel/core/src/parser/index.ts\u001b[2m:28:19)\u001b[22m\n          at parser.next (<anonymous>)\n      \u001b[2mat normalizeFile (\u001b[22mnode_modules/@babel/core/src/transformation/normalize-file.ts\u001b[2m:49:24)\u001b[22m\n          at normalizeFile.next (<anonymous>)\n      \u001b[2mat run (\u001b[22mnode_modules/@babel/core/src/transformation/index.ts\u001b[2m:40:36)\u001b[22m\n          at run.next (<anonymous>)\n      \u001b[2mat transform (\u001b[22mnode_modules/@babel/core/src/transform.ts\u001b[2m:29:20)\u001b[22m\n          at transform.next (<anonymous>)\n      \u001b[2mat evaluateSync (\u001b[22mnode_modules/gensync/index.js\u001b[2m:251:28)\u001b[22m\n      \u001b[2mat fn (\u001b[22mnode_modules/gensync/index.js\u001b[2m:89:14)\u001b[22m\n      \u001b[2mat stopHiding - secret - don't use this - v1 (\u001b[22mnode_modules/@babel/core/src/errors/rewrite-stack-trace.ts\u001b[2m:99:14)\u001b[22m\n      \u001b[2mat transformSync (\u001b[22mnode_modules/@babel/core/src/transform.ts\u001b[2m:66:52)\u001b[22m\n      \u001b[2mat ScriptTransformer.transformSource (\u001b[22mnode_modules/@jest/transform/build/ScriptTransformer.js\u001b[2m:619:31)\u001b[22m\n      \u001b[2mat ScriptTransformer._transformAndBuildScript (\u001b[22mnode_modules/@jest/transform/build/ScriptTransformer.js\u001b[2m:765:40)\u001b[22m\n      \u001b[2mat ScriptTransformer.transform (\u001b[22mnode_modules/@jest/transform/build/ScriptTransformer.js\u001b[2m:822:19)\u001b[22m\n","name":"/Volumes/OWC STX NVMe/EVA Repos/eva-platform-frontend-main/evafi-ai-fe-demo/src/components/risk/__tests__/RiskMapOptimized.test.tsx","startTime":1747331793372,"status":"failed","summary":""},{"assertionResults":[],"coverage":{},"endTime":1747331793372,"message":"  \u001b[1m● \u001b[22mTest suite failed to run\n\n    \u001b[1m\u001b[31mJest encountered an unexpected token\u001b[39m\u001b[22m\n\n    Jest failed to parse a file. This happens e.g. when your code or its dependencies use non-standard JavaScript syntax, or when Jest is not configured to support such syntax.\n\n    Out of the box Jest supports Babel, which will be used to transform your files into valid JS based on your Babel configuration.\n\n    By default \"node_modules\" folder is ignored by transformers.\n\n    Here's what you can do:\n     • If you are trying to use ECMAScript Modules, see \u001b[4mhttps://jestjs.io/docs/ecmascript-modules\u001b[24m for how to enable it.\n     • If you are trying to use TypeScript, see \u001b[4mhttps://jestjs.io/docs/getting-started#using-typescript\u001b[24m\n     • To have some of your \"node_modules\" files transformed, you can specify a custom \u001b[1m\"transformIgnorePatterns\"\u001b[22m in your config.\n     • If you need a custom transformation specify a \u001b[1m\"transform\"\u001b[22m option in your config.\n     • If you simply want to mock your non-JS modules (e.g. binary assets) you can stub them out with the \u001b[1m\"moduleNameMapper\"\u001b[22m config option.\n\n    You'll find more details and examples of these config options in the docs:\n    \u001b[36mhttps://jestjs.io/docs/configuration\u001b[39m\n    For information about custom transformations, see:\n    \u001b[36mhttps://jestjs.io/docs/code-transformation\u001b[39m\n\n    \u001b[1m\u001b[31mDetails:\u001b[39m\u001b[22m\n\n    SyntaxError: /Volumes/OWC STX NVMe/EVA Repos/eva-platform-frontend-main/evafi-ai-fe-demo/src/setupTests.ts: Missing semicolon. (8:7)\n\n    \u001b[0m \u001b[90m  6 |\u001b[39m\n     \u001b[90m  7 |\u001b[39m \u001b[90m// Setup global Jest types\u001b[39m\n    \u001b[31m\u001b[1m>\u001b[22m\u001b[39m\u001b[90m  8 |\u001b[39m declare global {\n     \u001b[90m    |\u001b[39m        \u001b[31m\u001b[1m^\u001b[22m\u001b[39m\n     \u001b[90m  9 |\u001b[39m   \u001b[90m// eslint-disable-next-line @typescript-eslint/no-namespace\u001b[39m\n     \u001b[90m 10 |\u001b[39m   namespace jest {\n     \u001b[90m 11 |\u001b[39m     \u001b[36minterface\u001b[39m \u001b[33mMatchers\u001b[39m\u001b[33m<\u001b[39m\u001b[33mR\u001b[39m\u001b[33m>\u001b[39m {\u001b[0m\n\n      \u001b[2mat toParseError (\u001b[22mnode_modules/@babel/parser/src/parse-error.ts\u001b[2m:95:45)\u001b[22m\n      \u001b[2mat Parser.raise (\u001b[22mnode_modules/@babel/parser/src/tokenizer/index.ts\u001b[2m:1503:19)\u001b[22m\n      \u001b[2mat Parser.semicolon (\u001b[22mnode_modules/@babel/parser/src/parser/util.ts\u001b[2m:150:10)\u001b[22m\n      \u001b[2mat Parser.parseExpressionStatement (\u001b[22mnode_modules/@babel/parser/src/parser/statement.ts\u001b[2m:1334:10)\u001b[22m\n      \u001b[2mat Parser.parseStatementContent (\u001b[22mnode_modules/@babel/parser/src/parser/statement.ts\u001b[2m:668:19)\u001b[22m\n      \u001b[2mat Parser.parseStatementLike (\u001b[22mnode_modules/@babel/parser/src/parser/statement.ts\u001b[2m:449:17)\u001b[22m\n      \u001b[2mat Parser.parseModuleItem (\u001b[22mnode_modules/@babel/parser/src/parser/statement.ts\u001b[2m:386:17)\u001b[22m\n      \u001b[2mat Parser.parseBlockOrModuleBlockBody (\u001b[22mnode_modules/@babel/parser/src/parser/statement.ts\u001b[2m:1414:16)\u001b[22m\n      \u001b[2mat Parser.parseBlockBody (\u001b[22mnode_modules/@babel/parser/src/parser/statement.ts\u001b[2m:1388:10)\u001b[22m\n      \u001b[2mat Parser.parseProgram (\u001b[22mnode_modules/@babel/parser/src/parser/statement.ts\u001b[2m:225:10)\u001b[22m\n      \u001b[2mat Parser.parseTopLevel (\u001b[22mnode_modules/@babel/parser/src/parser/statement.ts\u001b[2m:203:25)\u001b[22m\n      \u001b[2mat Parser.parse (\u001b[22mnode_modules/@babel/parser/src/parser/index.ts\u001b[2m:93:10)\u001b[22m\n      \u001b[2mat parse (\u001b[22mnode_modules/@babel/parser/src/index.ts\u001b[2m:92:38)\u001b[22m\n      \u001b[2mat parser (\u001b[22mnode_modules/@babel/core/src/parser/index.ts\u001b[2m:28:19)\u001b[22m\n          at parser.next (<anonymous>)\n      \u001b[2mat normalizeFile (\u001b[22mnode_modules/@babel/core/src/transformation/normalize-file.ts\u001b[2m:49:24)\u001b[22m\n          at normalizeFile.next (<anonymous>)\n      \u001b[2mat run (\u001b[22mnode_modules/@babel/core/src/transformation/index.ts\u001b[2m:40:36)\u001b[22m\n          at run.next (<anonymous>)\n      \u001b[2mat transform (\u001b[22mnode_modules/@babel/core/src/transform.ts\u001b[2m:29:20)\u001b[22m\n          at transform.next (<anonymous>)\n      \u001b[2mat evaluateSync (\u001b[22mnode_modules/gensync/index.js\u001b[2m:251:28)\u001b[22m\n      \u001b[2mat fn (\u001b[22mnode_modules/gensync/index.js\u001b[2m:89:14)\u001b[22m\n      \u001b[2mat stopHiding - secret - don't use this - v1 (\u001b[22mnode_modules/@babel/core/src/errors/rewrite-stack-trace.ts\u001b[2m:99:14)\u001b[22m\n      \u001b[2mat transformSync (\u001b[22mnode_modules/@babel/core/src/transform.ts\u001b[2m:66:52)\u001b[22m\n      \u001b[2mat ScriptTransformer.transformSource (\u001b[22mnode_modules/@jest/transform/build/ScriptTransformer.js\u001b[2m:619:31)\u001b[22m\n      \u001b[2mat ScriptTransformer._transformAndBuildScript (\u001b[22mnode_modules/@jest/transform/build/ScriptTransformer.js\u001b[2m:765:40)\u001b[22m\n      \u001b[2mat ScriptTransformer.transform (\u001b[22mnode_modules/@jest/transform/build/ScriptTransformer.js\u001b[2m:822:19)\u001b[22m\n","name":"/Volumes/OWC STX NVMe/EVA Repos/eva-platform-frontend-main/evafi-ai-fe-demo/src/components/__tests__/CreateCustomAIAgent.test.tsx","startTime":1747331793372,"status":"failed","summary":""},{"assertionResults":[],"coverage":{},"endTime":1747331793372,"message":"  \u001b[1m● \u001b[22mTest suite failed to run\n\n    \u001b[1m\u001b[31mJest encountered an unexpected token\u001b[39m\u001b[22m\n\n    Jest failed to parse a file. This happens e.g. when your code or its dependencies use non-standard JavaScript syntax, or when Jest is not configured to support such syntax.\n\n    Out of the box Jest supports Babel, which will be used to transform your files into valid JS based on your Babel configuration.\n\n    By default \"node_modules\" folder is ignored by transformers.\n\n    Here's what you can do:\n     • If you are trying to use ECMAScript Modules, see \u001b[4mhttps://jestjs.io/docs/ecmascript-modules\u001b[24m for how to enable it.\n     • If you are trying to use TypeScript, see \u001b[4mhttps://jestjs.io/docs/getting-started#using-typescript\u001b[24m\n     • To have some of your \"node_modules\" files transformed, you can specify a custom \u001b[1m\"transformIgnorePatterns\"\u001b[22m in your config.\n     • If you need a custom transformation specify a \u001b[1m\"transform\"\u001b[22m option in your config.\n     • If you simply want to mock your non-JS modules (e.g. binary assets) you can stub them out with the \u001b[1m\"moduleNameMapper\"\u001b[22m config option.\n\n    You'll find more details and examples of these config options in the docs:\n    \u001b[36mhttps://jestjs.io/docs/configuration\u001b[39m\n    For information about custom transformations, see:\n    \u001b[36mhttps://jestjs.io/docs/code-transformation\u001b[39m\n\n    \u001b[1m\u001b[31mDetails:\u001b[39m\u001b[22m\n\n    SyntaxError: /Volumes/OWC STX NVMe/EVA Repos/eva-platform-frontend-main/evafi-ai-fe-demo/src/setupTests.ts: Missing semicolon. (8:7)\n\n    \u001b[0m \u001b[90m  6 |\u001b[39m\n     \u001b[90m  7 |\u001b[39m \u001b[90m// Setup global Jest types\u001b[39m\n    \u001b[31m\u001b[1m>\u001b[22m\u001b[39m\u001b[90m  8 |\u001b[39m declare global {\n     \u001b[90m    |\u001b[39m        \u001b[31m\u001b[1m^\u001b[22m\u001b[39m\n     \u001b[90m  9 |\u001b[39m   \u001b[90m// eslint-disable-next-line @typescript-eslint/no-namespace\u001b[39m\n     \u001b[90m 10 |\u001b[39m   namespace jest {\n     \u001b[90m 11 |\u001b[39m     \u001b[36minterface\u001b[39m \u001b[33mMatchers\u001b[39m\u001b[33m<\u001b[39m\u001b[33mR\u001b[39m\u001b[33m>\u001b[39m {\u001b[0m\n\n      \u001b[2mat toParseError (\u001b[22mnode_modules/@babel/parser/src/parse-error.ts\u001b[2m:95:45)\u001b[22m\n      \u001b[2mat Parser.raise (\u001b[22mnode_modules/@babel/parser/src/tokenizer/index.ts\u001b[2m:1503:19)\u001b[22m\n      \u001b[2mat Parser.semicolon (\u001b[22mnode_modules/@babel/parser/src/parser/util.ts\u001b[2m:150:10)\u001b[22m\n      \u001b[2mat Parser.parseExpressionStatement (\u001b[22mnode_modules/@babel/parser/src/parser/statement.ts\u001b[2m:1334:10)\u001b[22m\n      \u001b[2mat Parser.parseStatementContent (\u001b[22mnode_modules/@babel/parser/src/parser/statement.ts\u001b[2m:668:19)\u001b[22m\n      \u001b[2mat Parser.parseStatementLike (\u001b[22mnode_modules/@babel/parser/src/parser/statement.ts\u001b[2m:449:17)\u001b[22m\n      \u001b[2mat Parser.parseModuleItem (\u001b[22mnode_modules/@babel/parser/src/parser/statement.ts\u001b[2m:386:17)\u001b[22m\n      \u001b[2mat Parser.parseBlockOrModuleBlockBody (\u001b[22mnode_modules/@babel/parser/src/parser/statement.ts\u001b[2m:1414:16)\u001b[22m\n      \u001b[2mat Parser.parseBlockBody (\u001b[22mnode_modules/@babel/parser/src/parser/statement.ts\u001b[2m:1388:10)\u001b[22m\n      \u001b[2mat Parser.parseProgram (\u001b[22mnode_modules/@babel/parser/src/parser/statement.ts\u001b[2m:225:10)\u001b[22m\n      \u001b[2mat Parser.parseTopLevel (\u001b[22mnode_modules/@babel/parser/src/parser/statement.ts\u001b[2m:203:25)\u001b[22m\n      \u001b[2mat Parser.parse (\u001b[22mnode_modules/@babel/parser/src/parser/index.ts\u001b[2m:93:10)\u001b[22m\n      \u001b[2mat parse (\u001b[22mnode_modules/@babel/parser/src/index.ts\u001b[2m:92:38)\u001b[22m\n      \u001b[2mat parser (\u001b[22mnode_modules/@babel/core/src/parser/index.ts\u001b[2m:28:19)\u001b[22m\n          at parser.next (<anonymous>)\n      \u001b[2mat normalizeFile (\u001b[22mnode_modules/@babel/core/src/transformation/normalize-file.ts\u001b[2m:49:24)\u001b[22m\n          at normalizeFile.next (<anonymous>)\n      \u001b[2mat run (\u001b[22mnode_modules/@babel/core/src/transformation/index.ts\u001b[2m:40:36)\u001b[22m\n          at run.next (<anonymous>)\n      \u001b[2mat transform (\u001b[22mnode_modules/@babel/core/src/transform.ts\u001b[2m:29:20)\u001b[22m\n          at transform.next (<anonymous>)\n      \u001b[2mat evaluateSync (\u001b[22mnode_modules/gensync/index.js\u001b[2m:251:28)\u001b[22m\n      \u001b[2mat fn (\u001b[22mnode_modules/gensync/index.js\u001b[2m:89:14)\u001b[22m\n      \u001b[2mat stopHiding - secret - don't use this - v1 (\u001b[22mnode_modules/@babel/core/src/errors/rewrite-stack-trace.ts\u001b[2m:99:14)\u001b[22m\n      \u001b[2mat transformSync (\u001b[22mnode_modules/@babel/core/src/transform.ts\u001b[2m:66:52)\u001b[22m\n      \u001b[2mat ScriptTransformer.transformSource (\u001b[22mnode_modules/@jest/transform/build/ScriptTransformer.js\u001b[2m:619:31)\u001b[22m\n      \u001b[2mat ScriptTransformer._transformAndBuildScript (\u001b[22mnode_modules/@jest/transform/build/ScriptTransformer.js\u001b[2m:765:40)\u001b[22m\n      \u001b[2mat ScriptTransformer.transform (\u001b[22mnode_modules/@jest/transform/build/ScriptTransformer.js\u001b[2m:822:19)\u001b[22m\n","name":"/Volumes/OWC STX NVMe/EVA Repos/eva-platform-frontend-main/evafi-ai-fe-demo/src/pages/customerRetention/__tests__/CustomerRetentionCommitments.test.tsx","startTime":1747331793372,"status":"failed","summary":""},{"assertionResults":[],"coverage":{},"endTime":1747331793372,"message":"  \u001b[1m● \u001b[22mTest suite failed to run\n\n    \u001b[1m\u001b[31mJest encountered an unexpected token\u001b[39m\u001b[22m\n\n    Jest failed to parse a file. This happens e.g. when your code or its dependencies use non-standard JavaScript syntax, or when Jest is not configured to support such syntax.\n\n    Out of the box Jest supports Babel, which will be used to transform your files into valid JS based on your Babel configuration.\n\n    By default \"node_modules\" folder is ignored by transformers.\n\n    Here's what you can do:\n     • If you are trying to use ECMAScript Modules, see \u001b[4mhttps://jestjs.io/docs/ecmascript-modules\u001b[24m for how to enable it.\n     • If you are trying to use TypeScript, see \u001b[4mhttps://jestjs.io/docs/getting-started#using-typescript\u001b[24m\n     • To have some of your \"node_modules\" files transformed, you can specify a custom \u001b[1m\"transformIgnorePatterns\"\u001b[22m in your config.\n     • If you need a custom transformation specify a \u001b[1m\"transform\"\u001b[22m option in your config.\n     • If you simply want to mock your non-JS modules (e.g. binary assets) you can stub them out with the \u001b[1m\"moduleNameMapper\"\u001b[22m config option.\n\n    You'll find more details and examples of these config options in the docs:\n    \u001b[36mhttps://jestjs.io/docs/configuration\u001b[39m\n    For information about custom transformations, see:\n    \u001b[36mhttps://jestjs.io/docs/code-transformation\u001b[39m\n\n    \u001b[1m\u001b[31mDetails:\u001b[39m\u001b[22m\n\n    SyntaxError: /Volumes/OWC STX NVMe/EVA Repos/eva-platform-frontend-main/evafi-ai-fe-demo/src/setupTests.ts: Missing semicolon. (8:7)\n\n    \u001b[0m \u001b[90m  6 |\u001b[39m\n     \u001b[90m  7 |\u001b[39m \u001b[90m// Setup global Jest types\u001b[39m\n    \u001b[31m\u001b[1m>\u001b[22m\u001b[39m\u001b[90m  8 |\u001b[39m declare global {\n     \u001b[90m    |\u001b[39m        \u001b[31m\u001b[1m^\u001b[22m\u001b[39m\n     \u001b[90m  9 |\u001b[39m   \u001b[90m// eslint-disable-next-line @typescript-eslint/no-namespace\u001b[39m\n     \u001b[90m 10 |\u001b[39m   namespace jest {\n     \u001b[90m 11 |\u001b[39m     \u001b[36minterface\u001b[39m \u001b[33mMatchers\u001b[39m\u001b[33m<\u001b[39m\u001b[33mR\u001b[39m\u001b[33m>\u001b[39m {\u001b[0m\n\n      \u001b[2mat toParseError (\u001b[22mnode_modules/@babel/parser/src/parse-error.ts\u001b[2m:95:45)\u001b[22m\n      \u001b[2mat Parser.raise (\u001b[22mnode_modules/@babel/parser/src/tokenizer/index.ts\u001b[2m:1503:19)\u001b[22m\n      \u001b[2mat Parser.semicolon (\u001b[22mnode_modules/@babel/parser/src/parser/util.ts\u001b[2m:150:10)\u001b[22m\n      \u001b[2mat Parser.parseExpressionStatement (\u001b[22mnode_modules/@babel/parser/src/parser/statement.ts\u001b[2m:1334:10)\u001b[22m\n      \u001b[2mat Parser.parseStatementContent (\u001b[22mnode_modules/@babel/parser/src/parser/statement.ts\u001b[2m:668:19)\u001b[22m\n      \u001b[2mat Parser.parseStatementLike (\u001b[22mnode_modules/@babel/parser/src/parser/statement.ts\u001b[2m:449:17)\u001b[22m\n      \u001b[2mat Parser.parseModuleItem (\u001b[22mnode_modules/@babel/parser/src/parser/statement.ts\u001b[2m:386:17)\u001b[22m\n      \u001b[2mat Parser.parseBlockOrModuleBlockBody (\u001b[22mnode_modules/@babel/parser/src/parser/statement.ts\u001b[2m:1414:16)\u001b[22m\n      \u001b[2mat Parser.parseBlockBody (\u001b[22mnode_modules/@babel/parser/src/parser/statement.ts\u001b[2m:1388:10)\u001b[22m\n      \u001b[2mat Parser.parseProgram (\u001b[22mnode_modules/@babel/parser/src/parser/statement.ts\u001b[2m:225:10)\u001b[22m\n      \u001b[2mat Parser.parseTopLevel (\u001b[22mnode_modules/@babel/parser/src/parser/statement.ts\u001b[2m:203:25)\u001b[22m\n      \u001b[2mat Parser.parse (\u001b[22mnode_modules/@babel/parser/src/parser/index.ts\u001b[2m:93:10)\u001b[22m\n      \u001b[2mat parse (\u001b[22mnode_modules/@babel/parser/src/index.ts\u001b[2m:92:38)\u001b[22m\n      \u001b[2mat parser (\u001b[22mnode_modules/@babel/core/src/parser/index.ts\u001b[2m:28:19)\u001b[22m\n          at parser.next (<anonymous>)\n      \u001b[2mat normalizeFile (\u001b[22mnode_modules/@babel/core/src/transformation/normalize-file.ts\u001b[2m:49:24)\u001b[22m\n          at normalizeFile.next (<anonymous>)\n      \u001b[2mat run (\u001b[22mnode_modules/@babel/core/src/transformation/index.ts\u001b[2m:40:36)\u001b[22m\n          at run.next (<anonymous>)\n      \u001b[2mat transform (\u001b[22mnode_modules/@babel/core/src/transform.ts\u001b[2m:29:20)\u001b[22m\n          at transform.next (<anonymous>)\n      \u001b[2mat evaluateSync (\u001b[22mnode_modules/gensync/index.js\u001b[2m:251:28)\u001b[22m\n      \u001b[2mat fn (\u001b[22mnode_modules/gensync/index.js\u001b[2m:89:14)\u001b[22m\n      \u001b[2mat stopHiding - secret - don't use this - v1 (\u001b[22mnode_modules/@babel/core/src/errors/rewrite-stack-trace.ts\u001b[2m:99:14)\u001b[22m\n      \u001b[2mat transformSync (\u001b[22mnode_modules/@babel/core/src/transform.ts\u001b[2m:66:52)\u001b[22m\n      \u001b[2mat ScriptTransformer.transformSource (\u001b[22mnode_modules/@jest/transform/build/ScriptTransformer.js\u001b[2m:619:31)\u001b[22m\n      \u001b[2mat ScriptTransformer._transformAndBuildScript (\u001b[22mnode_modules/@jest/transform/build/ScriptTransformer.js\u001b[2m:765:40)\u001b[22m\n      \u001b[2mat ScriptTransformer.transform (\u001b[22mnode_modules/@jest/transform/build/ScriptTransformer.js\u001b[2m:822:19)\u001b[22m\n","name":"/Volumes/OWC STX NVMe/EVA Repos/eva-platform-frontend-main/evafi-ai-fe-demo/src/pages/__tests__/CalendarIntegration.test.tsx","startTime":1747331793372,"status":"failed","summary":""},{"assertionResults":[],"coverage":{},"endTime":1747331793372,"message":"  \u001b[1m● \u001b[22mTest suite failed to run\n\n    \u001b[1m\u001b[31mJest encountered an unexpected token\u001b[39m\u001b[22m\n\n    Jest failed to parse a file. This happens e.g. when your code or its dependencies use non-standard JavaScript syntax, or when Jest is not configured to support such syntax.\n\n    Out of the box Jest supports Babel, which will be used to transform your files into valid JS based on your Babel configuration.\n\n    By default \"node_modules\" folder is ignored by transformers.\n\n    Here's what you can do:\n     • If you are trying to use ECMAScript Modules, see \u001b[4mhttps://jestjs.io/docs/ecmascript-modules\u001b[24m for how to enable it.\n     • If you are trying to use TypeScript, see \u001b[4mhttps://jestjs.io/docs/getting-started#using-typescript\u001b[24m\n     • To have some of your \"node_modules\" files transformed, you can specify a custom \u001b[1m\"transformIgnorePatterns\"\u001b[22m in your config.\n     • If you need a custom transformation specify a \u001b[1m\"transform\"\u001b[22m option in your config.\n     • If you simply want to mock your non-JS modules (e.g. binary assets) you can stub them out with the \u001b[1m\"moduleNameMapper\"\u001b[22m config option.\n\n    You'll find more details and examples of these config options in the docs:\n    \u001b[36mhttps://jestjs.io/docs/configuration\u001b[39m\n    For information about custom transformations, see:\n    \u001b[36mhttps://jestjs.io/docs/code-transformation\u001b[39m\n\n    \u001b[1m\u001b[31mDetails:\u001b[39m\u001b[22m\n\n    SyntaxError: /Volumes/OWC STX NVMe/EVA Repos/eva-platform-frontend-main/evafi-ai-fe-demo/src/setupTests.ts: Missing semicolon. (8:7)\n\n    \u001b[0m \u001b[90m  6 |\u001b[39m\n     \u001b[90m  7 |\u001b[39m \u001b[90m// Setup global Jest types\u001b[39m\n    \u001b[31m\u001b[1m>\u001b[22m\u001b[39m\u001b[90m  8 |\u001b[39m declare global {\n     \u001b[90m    |\u001b[39m        \u001b[31m\u001b[1m^\u001b[22m\u001b[39m\n     \u001b[90m  9 |\u001b[39m   \u001b[90m// eslint-disable-next-line @typescript-eslint/no-namespace\u001b[39m\n     \u001b[90m 10 |\u001b[39m   namespace jest {\n     \u001b[90m 11 |\u001b[39m     \u001b[36minterface\u001b[39m \u001b[33mMatchers\u001b[39m\u001b[33m<\u001b[39m\u001b[33mR\u001b[39m\u001b[33m>\u001b[39m {\u001b[0m\n\n      \u001b[2mat toParseError (\u001b[22mnode_modules/@babel/parser/src/parse-error.ts\u001b[2m:95:45)\u001b[22m\n      \u001b[2mat Parser.raise (\u001b[22mnode_modules/@babel/parser/src/tokenizer/index.ts\u001b[2m:1503:19)\u001b[22m\n      \u001b[2mat Parser.semicolon (\u001b[22mnode_modules/@babel/parser/src/parser/util.ts\u001b[2m:150:10)\u001b[22m\n      \u001b[2mat Parser.parseExpressionStatement (\u001b[22mnode_modules/@babel/parser/src/parser/statement.ts\u001b[2m:1334:10)\u001b[22m\n      \u001b[2mat Parser.parseStatementContent (\u001b[22mnode_modules/@babel/parser/src/parser/statement.ts\u001b[2m:668:19)\u001b[22m\n      \u001b[2mat Parser.parseStatementLike (\u001b[22mnode_modules/@babel/parser/src/parser/statement.ts\u001b[2m:449:17)\u001b[22m\n      \u001b[2mat Parser.parseModuleItem (\u001b[22mnode_modules/@babel/parser/src/parser/statement.ts\u001b[2m:386:17)\u001b[22m\n      \u001b[2mat Parser.parseBlockOrModuleBlockBody (\u001b[22mnode_modules/@babel/parser/src/parser/statement.ts\u001b[2m:1414:16)\u001b[22m\n      \u001b[2mat Parser.parseBlockBody (\u001b[22mnode_modules/@babel/parser/src/parser/statement.ts\u001b[2m:1388:10)\u001b[22m\n      \u001b[2mat Parser.parseProgram (\u001b[22mnode_modules/@babel/parser/src/parser/statement.ts\u001b[2m:225:10)\u001b[22m\n      \u001b[2mat Parser.parseTopLevel (\u001b[22mnode_modules/@babel/parser/src/parser/statement.ts\u001b[2m:203:25)\u001b[22m\n      \u001b[2mat Parser.parse (\u001b[22mnode_modules/@babel/parser/src/parser/index.ts\u001b[2m:93:10)\u001b[22m\n      \u001b[2mat parse (\u001b[22mnode_modules/@babel/parser/src/index.ts\u001b[2m:92:38)\u001b[22m\n      \u001b[2mat parser (\u001b[22mnode_modules/@babel/core/src/parser/index.ts\u001b[2m:28:19)\u001b[22m\n          at parser.next (<anonymous>)\n      \u001b[2mat normalizeFile (\u001b[22mnode_modules/@babel/core/src/transformation/normalize-file.ts\u001b[2m:49:24)\u001b[22m\n          at normalizeFile.next (<anonymous>)\n      \u001b[2mat run
[...]
parseBlockBody (\u001b[22mnode_modules/@babel/parser/src/parser/statement.ts\u001b[2m:1388:10)\u001b[22m\n      \u001b[2mat Parser.parseProgram (\u001b[22mnode_modules/@babel/parser/src/parser/statement.ts\u001b[2m:225:10)\u001b[22m\n      \u001b[2mat Parser.parseTopLevel (\u001b[22mnode_modules/@babel/parser/src/parser/statement.ts\u001b[2m:203:25)\u001b[22m\n      \u001b[2mat Parser.parse (\u001b[22mnode_modules/@babel/parser/src/parser/index.ts\u001b[2m:93:10)\u001b[22m\n      \u001b[2mat parse (\u001b[22mnode_modules/@babel/parser/src/index.ts\u001b[2m:92:38)\u001b[22m\n      \u001b[2mat parser (\u001b[22mnode_modules/@babel/core/src/parser/index.ts\u001b[2m:28:19)\u001b[22m\n          at parser.next (<anonymous>)\n      \u001b[2mat normalizeFile (\u001b[22mnode_modules/@babel/core/src/transformation/normalize-file.ts\u001b[2m:49:24)\u001b[22m\n          at normalizeFile.next (<anonymous>)\n      \u001b[2mat run (\u001b[22mnode_modules/@babel/core/src/transformation/index.ts\u001b[2m:40:36)\u001b[22m\n          at run.next (<anonymous>)\n      \u001b[2mat transform (\u001b[22mnode_modules/@babel/core/src/transform.ts\u001b[2m:29:20)\u001b[22m\n          at transform.next (<anonymous>)\n      \u001b[2mat evaluateSync (\u001b[22mnode_modules/gensync/index.js\u001b[2m:251:28)\u001b[22m\n      \u001b[2mat fn (\u001b[22mnode_modules/gensync/index.js\u001b[2m:89:14)\u001b[22m\n      \u001b[2mat stopHiding - secret - don't use this - v1 (\u001b[22mnode_modules/@babel/core/src/errors/rewrite-stack-trace.ts\u001b[2m:99:14)\u001b[22m\n      \u001b[2mat transformSync (\u001b[22mnode_modules/@babel/core/src/transform.ts\u001b[2m:66:52)\u001b[22m\n      \u001b[2mat ScriptTransformer.transformSource (\u001b[22mnode_modules/@jest/transform/build/ScriptTransformer.js\u001b[2m:619:31)\u001b[22m\n      \u001b[2mat ScriptTransformer._transformAndBuildScript (\u001b[22mnode_modules/@jest/transform/build/ScriptTransformer.js\u001b[2m:765:40)\u001b[22m\n      \u001b[2mat ScriptTransformer.transform (\u001b[22mnode_modules/@jest/transform/build/ScriptTransformer.js\u001b[2m:822:19)\u001b[22m\n","name":"/Volumes/OWC STX NVMe/EVA Repos/eva-platform-frontend-main/evafi-ai-fe-demo/src/pages/__tests__/Contacts.test.tsx","startTime":1747331793372,"status":"failed","summary":""},{"assertionResults":[],"coverage":{},"endTime":1747331793372,"message":"  \u001b[1m● \u001b[22mTest suite failed to run\n\n    \u001b[1m\u001b[31mJest encountered an unexpected token\u001b[39m\u001b[22m\n\n    Jest failed to parse a file. This happens e.g. when your code or its dependencies use non-standard JavaScript syntax, or when Jest is not configured to support such syntax.\n\n    Out of the box Jest supports Babel, which will be used to transform your files into valid JS based on your Babel configuration.\n\n    By default \"node_modules\" folder is ignored by transformers.\n\n    Here's what you can do:\n     • If you are trying to use ECMAScript Modules, see \u001b[4mhttps://jestjs.io/docs/ecmascript-modules\u001b[24m for how to enable it.\n     • If you are trying to use TypeScript, see \u001b[4mhttps://jestjs.io/docs/getting-started#using-typescript\u001b[24m\n     • To have some of your \"node_modules\" files transformed, you can specify a custom \u001b[1m\"transformIgnorePatterns\"\u001b[22m in your config.\n     • If you need a custom transformation specify a \u001b[1m\"transform\"\u001b[22m option in your config.\n     • If you simply want to mock your non-JS modules (e.g. binary assets) you can stub them out with the \u001b[1m\"moduleNameMapper\"\u001b[22m config option.\n\n    You'll find more details and examples of these config options in the docs:\n    \u001b[36mhttps://jestjs.io/docs/configuration\u001b[39m\n    For information about custom transformations, see:\n    \u001b[36mhttps://jestjs.io/docs/code-transformation\u001b[39m\n\n    \u001b[1m\u001b[31mDetails:\u001b[39m\u001b[22m\n\n    SyntaxError: /Volumes/OWC STX NVMe/EVA Repos/eva-platform-frontend-main/evafi-ai-fe-demo/src/setupTests.ts: Missing semicolon. (8:7)\n\n    \u001b[0m \u001b[90m  6 |\u001b[39m\n     \u001b[90m  7 |\u001b[39m \u001b[90m// Setup global Jest types\u001b[39m\n    \u001b[31m\u001b[1m>\u001b[22m\u001b[39m\u001b[90m  8 |\u001b[39m declare global {\n     \u001b[90m    |\u001b[39m        \u001b[31m\u001b[1m^\u001b[22m\u001b[39m\n     \u001b[90m  9 |\u001b[39m   \u001b[90m// eslint-disable-next-line @typescript-eslint/no-namespace\u001b[39m\n     \u001b[90m 10 |\u001b[39m   namespace jest {\n     \u001b[90m 11 |\u001b[39m     \u001b[36minterface\u001b[39m \u001b[33mMatchers\u001b[39m\u001b[33m<\u001b[39m\u001b[33mR\u001b[39m\u001b[33m>\u001b[39m {\u001b[0m\n\n      \u001b[2mat toParseError (\u001b[22mnode_modules/@babel/parser/src/parse-error.ts\u001b[2m:95:45)\u001b[22m\n      \u001b[2mat Parser.raise (\u001b[22mnode_modules/@babel/parser/src/tokenizer/index.ts\u001b[2m:1503:19)\u001b[22m\n      \u001b[2mat Parser.semicolon (\u001b[22mnode_modules/@babel/parser/src/parser/util.ts\u001b[2m:150:10)\u001b[22m\n      \u001b[2mat Parser.parseExpressionStatement (\u001b[22mnode_modules/@babel/parser/src/parser/statement.ts\u001b[2m:1334:10)\u001b[22m\n      \u001b[2mat Parser.parseStatementContent (\u001b[22mnode_modules/@babel/parser/src/parser/statement.ts\u001b[2m:668:19)\u001b[22m\n      \u001b[2mat Parser.parseStatementLike (\u001b[22mnode_modules/@babel/parser/src/parser/statement.ts\u001b[2m:449:17)\u001b[22m\n      \u001b[2mat Parser.parseModuleItem (\u001b[22mnode_modules/@babel/parser/src/parser/statement.ts\u001b[2m:386:17)\u001b[22m\n      \u001b[2mat Parser.parseBlockOrModuleBlockBody (\u001b[22mnode_modules/@babel/parser/src/parser/statement.ts\u001b[2m:1414:16)\u001b[22m\n      \u001b[2mat Parser.parseBlockBody (\u001b[22mnode_modules/@babel/parser/src/parser/statement.ts\u001b[2m:1388:10)\u001b[22m\n      \u001b[2mat Parser.parseProgram (\u001b[22mnode_modules/@babel/parser/src/parser/statement.ts\u001b[2m:225:10)\u001b[22m\n      \u001b[2mat Parser.parseTopLevel (\u001b[22mnode_modules/@babel/parser/src/parser/statement.ts\u001b[2m:203:25)\u001b[22m\n      \u001b[2mat Parser.parse (\u001b[22mnode_modules/@babel/parser/src/parser/index.ts\u001b[2m:93:10)\u001b[22m\n      \u001b[2mat parse (\u001b[22mnode_modules/@babel/parser/src/index.ts\u001b[2m:92:38)\u001b[22m\n      \u001b[2mat parser (\u001b[22mnode_modules/@babel/core/src/parser/index.ts\u001b[2m:28:19)\u001b[22m\n          at parser.next (<anonymous>)\n      \u001b[2mat normalizeFile (\u001b[22mnode_modules/@babel/core/src/transformation/normalize-file.ts\u001b[2m:49:24)\u001b[22m\n          at normalizeFile.next (<anonymous>)\n      \u001b[2mat run (\u001b[22mnode_modules/@babel/core/src/transformation/index.ts\u001b[2m:40:36)\u001b[22m\n          at run.next (<anonymous>)\n      \u001b[2mat transform (\u001b[22mnode_modules/@babel/core/src/transform.ts\u001b[2m:29:20)\u001b[22m\n          at transform.next (<anonymous>)\n      \u001b[2mat evaluateSync (\u001b[22mnode_modules/gensync/index.js\u001b[2m:251:28)\u001b[22m\n      \u001b[2mat fn (\u001b[22mnode_modules/gensync/index.js\u001b[2m:89:14)\u001b[22m\n      \u001b[2mat stopHiding - secret - don't use this - v1 (\u001b[22mnode_modules/@babel/core/src/errors/rewrite-stack-trace.ts\u001b[2m:99:14)\u001b[22m\n      \u001b[2mat transformSync (\u001b[22mnode_modules/@babel/core/src/transform.ts\u001b[2m:66:52)\u001b[22m\n      \u001b[2mat ScriptTransformer.transformSource (\u001b[22mnode_modules/@jest/transform/build/ScriptTransformer.js\u001b[2m:619:31)\u001b[22m\n      \u001b[2mat ScriptTransformer._transformAndBuildScript (\u001b[22mnode_modules/@jest/transform/build/ScriptTransformer.js\u001b[2m:765:40)\u001b[22m\n      \u001b[2mat ScriptTransformer.transform (\u001b[22mnode_modules/@jest/transform/build/ScriptTransformer.js\u001b[2m:822:19)\u001b[22m\n","name":"/Volumes/OWC STX NVMe/EVA Repos/eva-platform-frontend-main/evafi-ai-fe-demo/test/utils.test.js","startTime":1747331793372,"status":"failed","summary":""},{"assertionResults":[],"coverage":{},"endTime":1747331793372,"message":"  \u001b[1m● \u001b[22mTest suite failed to run\n\n    \u001b[1m\u001b[31mJest encountered an unexpected token\u001b[39m\u001b[22m\n\n    Jest failed to parse a file. This happens e.g. when your code or its dependencies use non-standard JavaScript syntax, or when Jest is not configured to support such syntax.\n\n    Out of the box Jest supports Babel, which will be used to transform your files into valid JS based on your Babel configuration.\n\n    By default \"node_modules\" folder is ignored by transformers.\n\n    Here's what you can do:\n     • If you are trying to use ECMAScript Modules, see \u001b[4mhttps://jestjs.io/docs/ecmascript-modules\u001b[24m for how to enable it.\n     • If you are trying to use TypeScript, see \u001b[4mhttps://jestjs.io/docs/getting-started#using-typescript\u001b[24m\n     • To have some of your \"node_modules\" files transformed, you can specify a custom \u001b[1m\"transformIgnorePatterns\"\u001b[22m in your config.\n     • If you need a custom transformation specify a \u001b[1m\"transform\"\u001b[22m option in your config.\n     • If you simply want to mock your non-JS modules (e.g. binary assets) you can stub them out with the \u001b[1m\"moduleNameMapper\"\u001b[22m config option.\n\n    You'll find more details and examples of these config options in the docs:\n    \u001b[36mhttps://jestjs.io/docs/configuration\u001b[39m\n    For information about custom transformations, see:\n    \u001b[36mhttps://jestjs.io/docs/code-transformation\u001b[39m\n\n    \u001b[1m\u001b[31mDetails:\u001b[39m\u001b[22m\n\n    SyntaxError: /Volumes/OWC STX NVMe/EVA Repos/eva-platform-frontend-main/evafi-ai-fe-demo/src/setupTests.ts: Missing semicolon. (8:7)\n\n    \u001b[0m \u001b[90m  6 |\u001b[39m\n     \u001b[90m  7 |\u001b[39m \u001b[90m// Setup global Jest types\u001b[39m\n    \u001b[31m\u001b[1m>\u001b[22m\u001b[39m\u001b[90m  8 |\u001b[39m declare global {\n     \u001b[90m    |\u001b[39m        \u001b[31m\u001b[1m^\u001b[22m\u001b[39m\n     \u001b[90m  9 |\u001b[39m   \u001b[90m// eslint-disable-next-line @typescript-eslint/no-namespace\u001b[39m\n     \u001b[90m 10 |\u001b[39m   namespace jest {\n     \u001b[90m 11 |\u001b[39m     \u001b[36minterface\u001b[39m \u001b[33mMatchers\u001b[39m\u001b[33m<\u001b[39m\u001b[33mR\u001b[39m\u001b[33m>\u001b[39m {\u001b[0m\n\n      \u001b[2mat toParseError (\u001b[22mnode_modules/@babel/parser/src/parse-error.ts\u001b[2m:95:45)\u001b[22m\n      \u001b[2mat Parser.raise (\u001b[22mnode_modules/@babel/parser/src/tokenizer/index.ts\u001b[2m:1503:19)\u001b[22m\n      \u001b[2mat Parser.semicolon (\u001b[22mnode_modules/@babel/parser/src/parser/util.ts\u001b[2m:150:10)\u001b[22m\n      \u001b[2mat Parser.parseExpressionStatement (\u001b[22mnode_modules/@babel/parser/src/parser/statement.ts\u001b[2m:1334:10)\u001b[22m\n      \u001b[2mat Parser.parseStatementContent (\u001b[22mnode_modules/@babel/parser/src/parser/statement.ts\u001b[2m:668:19)\u001b[22m\n      \u001b[2mat Parser.parseStatementLike (\u001b[22mnode_modules/@babel/parser/src/parser/statement.ts\u001b[2m:449:17)\u001b[22m\n      \u001b[2mat Parser.parseModuleItem (\u001b[22mnode_modules/@babel/parser/src/parser/statement.ts\u001b[2m:386:17)\u001b[22m\n      \u001b[2mat Parser.parseBlockOrModuleBlockBody (\u001b[22mnode_modules/@babel/parser/src/parser/statement.ts\u001b[2m:1414:16)\u001b[22m\n      \u001b[2mat Parser.parseBlockBody (\u001b[22mnode_modules/@babel/parser/src/parser/statement.ts\u001b[2m:1388:10)\u001b[22m\n      \u001b[2mat Parser.parseProgram (\u001b[22mnode_modules/@babel/parser/src/parser/statement.ts\u001b[2m:225:10)\u001b[22m\n      \u001b[2mat Parser.parseTopLevel (\u001b[22mnode_modules/@babel/parser/src/parser/statement.ts\u001b[2m:203:25)\u001b[22m\n      \u001b[2mat Parser.parse (\u001b[22mnode_modules/@babel/parser/src/parser/index.ts\u001b[2m:93:10)\u001b[22m\n      \u001b[2mat parse (\u001b[22mnode_modules/@babel/parser/src/index.ts\u001b[2m:92:38)\u001b[22m\n      \u001b[2mat parser (\u001b[22mnode_modules/@babel/core/src/parser/index.ts\u001b[2m:28:19)\u001b[22m\n          at parser.next (<anonymous>)\n      \u001b[2mat normalizeFile (\u001b[22mnode_modules/@babel/core/src/transformation/normalize-file.ts\u001b[2m:49:24)\u001b[22m\n          at normalizeFile.next (<anonymous>)\n      \u001b[2mat run (\u001b[22mnode_modules/@babel/core/src/transformation/index.ts\u001b[2m:40:36)\u001b[22m\n          at run.next (<anonymous>)\n      \u001b[2mat transform (\u001b[22mnode_modules/@babel/core/src/transform.ts\u001b[2m:29:20)\u001b[22m\n          at transform.next (<anonymous>)\n      \u001b[2mat evaluateSync (\u001b[22mnode_modules/gensync/index.js\u001b[2m:251:28)\u001b[22m\n      \u001b[2mat fn (\u001b[22mnode_modules/gensync/index.js\u001b[2m:89:14)\u001b[22m\n      \u001b[2mat stopHiding - secret - don't use this - v1 (\u001b[22mnode_modules/@babel/core/src/errors/rewrite-stack-trace.ts\u001b[2m:99:14)\u001b[22m\n      \u001b[2mat transformSync (\u001b[22mnode_modules/@babel/core/src/transform.ts\u001b[2m:66:52)\u001b[22m\n      \u001b[2mat ScriptTransformer.transformSource (\u001b[22mnode_modules/@jest/transform/build/ScriptTransformer.js\u001b[2m:619:31)\u001b[22m\n      \u001b[2mat ScriptTransformer._transformAndBuildScript (\u001b[22mnode_modules/@jest/transform/build/ScriptTransformer.js\u001b[2m:765:40)\u001b[22m\n      \u001b[2mat ScriptTransformer.transform (\u001b[22mnode_modules/@jest/transform/build/ScriptTransformer.js\u001b[2m:822:19)\u001b[22m\n","name":"/Volumes/OWC STX NVMe/EVA Repos/eva-platform-frontend-main/evafi-ai-fe-demo/src/tests/simple.test.js","startTime":1747331793372,"status":"failed","summary":""},{"assertionResults":[],"coverage":{},"endTime":1747331793372,"message":"  \u001b[1m● \u001b[22mTest suite failed to run\n\n    \u001b[1m\u001b[31mJest encountered an unexpected token\u001b[39m\u001b[22m\n\n    Jest failed to parse a file. This happens e.g. when your code or its dependencies use non-standard JavaScript syntax, or when Jest is not configured to support such syntax.\n\n    Out of the box Jest supports Babel, which will be used to transform your files into valid JS based on your Babel configuration.\n\n    By default \"node_modules\" folder is ignored by transformers.\n\n    Here's what you can do:\n     • If you are trying to use ECMAScript Modules, see \u001b[4mhttps://jestjs.io/docs/ecmascript-modules\u001b[24m for how to enable it.\n     • If you are trying to use TypeScript, see \u001b[4mhttps://jestjs.io/docs/getting-started#using-typescript\u001b[24m\n     • To have some of your \"node_modules\" files transformed, you can specify a custom \u001b[1m\"transformIgnorePatterns\"\u001b[22m in your config.\n     • If you need a custom transformation specify a \u001b[1m\"transform\"\u001b[22m option in your config.\n     • If you simply want to mock your non-JS modules (e.g. binary assets) you can stub them out with the \u001b[1m\"moduleNameMapper\"\u001b[22m config option.\n\n    You'll find more details and examples of these config options in the docs:\n    \u001b[36mhttps://jestjs.io/docs/configuration\u001b[39m\n    For information about custom transformations, see:\n    \u001b[36mhttps://jestjs.io/docs/code-transformation\u001b[39m\n\n    \u001b[1m\u001b[31mDetails:\u001b[39m\u001b[22m\n\n    SyntaxError: /Volumes/OWC STX NVMe/EVA Repos/eva-platform-frontend-main/evafi-ai-fe-demo/src/setupTests.ts: Missing semicolon. (8:7)\n\n    \u001b[0m \u001b[90m  6 |\u001b[39m\n     \u001b[90m  7 |\u001b[39m \u001b[90m// Setup global Jest types\u001b[39m\n    \u001b[31m\u001b[1m>\u001b[22m\u001b[39m\u001b[90m  8 |\u001b[39m declare global {\n     \u001b[90m    |\u001b[39m        \u001b[31m\u001b[1m^\u001b[22m\u001b[39m\n     \u001b[90m  9 |\u001b[39m   \u001b[90m// eslint-disable-next-line @typescript-eslint/no-namespace\u001b[39m\n     \u001b[90m 10 |\u001b[39m   namespace jest {\n     \u001b[90m 11 |\u001b[39m     \u001b[36minterface\u001b[39m \u001b[33mMatchers\u001b[39m\u001b[33m<\u001b[39m\u001b[33mR\u001b[39m\u001b[33m>\u001b[39m {\u001b[0m\n\n      \u001b[2mat toParseError (\u001b[22mnode_modules/@babel/parser/src/parse-error.ts\u001b[2m:95:45)\u001b[22m\n      \u001b[2mat Parser.raise (\u001b[22mnode_modules/@babel/parser/src/tokenizer/index.ts\u001b[2m:1503:19)\u001b[22m\n      \u001b[2mat Parser.semicolon (\u001b[22mnode_modules/@babel/parser/src/parser/util.ts\u001b[2m:150:10)\u001b[22m\n      \u001b[2mat Parser.parseExpressionStatement (\u001b[22mnode_modules/@babel/parser/src/parser/statement.ts\u001b[2m:1334:10)\u001b[22m\n      \u001b[2mat Parser.parseStatementContent (\u001b[22mnode_modules/@babel/parser/src/parser/statement.ts\u001b[2m:668:19)\u001b[22m\n      \u001b[2mat Parser.parseStatementLike (\u001b[22mnode_modules/@babel/parser/src/parser/statement.ts\u001b[2m:449:17)\u001b[22m\n      \u001b[2mat Parser.parseModuleItem (\u001b[22mnode_modules/@babel/parser/src/parser/statement.ts\u001b[2m:386:17)\u001b[22m\n      \u001b[2mat Parser.parseBlockOrModuleBlockBody (\u001b[22mnode_modules/@babel/parser/src/parser/statement.ts\u001b[2m:1414:16)\u001b[22m\n      \u001b[2mat Parser.parseBlockBody (\u001b[22mnode_modules/@babel/parser/src/parser/statement.ts\u001b[2m:1388:10)\u001b[22m\n      \u001b[2mat Parser.parseProgram (\u001b[22mnode_modules/@babel/parser/src/parser/statement.ts\u001b[2m:225:10)\u001b[22m\n      \u001b[2mat Parser.parseTopLevel (\u001b[22mnode_modules/@babel/parser/src/parser/statement.ts\u001b[2m:203:25)\u001b[22m\n      \u001b[2mat Parser.parse (\u001b[22mnode_modules/@babel/parser/src/parser/index.ts\u001b[2m:93:10)\u001b[22m\n      \u001b[2mat parse (\u001b[22mnode_modules/@babel/parser/src/index.ts\u001b[2m:92:38)\u001b[22m\n      \u001b[2mat parser (\u001b[22mnode_modules/@babel/core/src/parser/index.ts\u001b[2m:28:19)\u001b[22m\n          at parser.next (<anonymous>)\n      \u001b[2mat normalizeFile (\u001b[22mnode_modules/@babel/core/src/transformation/normalize-file.ts\u001b[2m:49:24)\u001b[22m\n          at normalizeFile.next (<anonymous>)\n      \u001b[2mat run (\u001b[22mnode_modules/@babel/core/src/transformation/index.ts\u001b[2m:40:36)\u001b[22m\n          at run.next (<anonymous>)\n      \u001b[2mat transform (\u001b[22mnode_modules/@babel/core/src/transform.ts\u001b[2m:29:20)\u001b[22m\n          at transform.next (<anonymous>)\n      \u001b[2mat evaluateSync (\u001b[22mnode_modules/gensync/index.js\u001b[2m:251:28)\u001b[22m\n      \u001b[2mat fn (\u001b[22mnode_modules/gensync/index.js\u001b[2m:89:14)\u001b[22m\n      \u001b[2mat stopHiding - secret - don't use this - v1 (\u001b[22mnode_modules/@babel/core/src/errors/rewrite-stack-trace.ts\u001b[2m:99:14)\u001b[22m\n      \u001b[2mat transformSync (\u001b[22mnode_modules/@babel/core/src/transform.ts\u001b[2m:66:52)\u001b[22m\n      \u001b[2mat ScriptTransformer.transformSource (\u001b[22mnode_modules/@jest/transform/build/ScriptTransformer.js\u001b[2m:619:31)\u001b[22m\n      \u001b[2mat ScriptTransformer._transformAndBuildScript (\u001b[22mnode_modules/@jest/transform/build/ScriptTransformer.js\u001b[2m:765:40)\u001b[22m\n      \u001b[2mat ScriptTransformer.transform (\u001b[22mnode_modules/@jest/transform/build/ScriptTransformer.js\u001b[2m:822:19)\u001b[22m\n      \u001b[2mat TestScheduler.scheduleTests (\u001b[22mnode_modules/@jest/core/build/TestScheduler.js\u001b[2m:333:13)\u001b[22m\n      \u001b[2mat runJest (\u001b[22mnode_modules/@jest/core/build/runJest.js\u001b[2m:404:19)\u001b[22m\n      \u001b[2mat _run10000 (\u001b[22mnode_modules/@jest/core/build/cli/index.js\u001b[2m:320:7)\u001b[22m\n      \u001b[2mat runCLI (\u001b[22mnode_modules/@jest/core/build/cli/index.js\u001b[2m:173:3)\u001b[22m\n","name":"/Volumes/OWC STX NVMe/EVA Repos/eva-platform-frontend-main/evafi-ai-fe-demo/test/basic.test.js","startTime":1747331793372,"status":"failed","summary":""}],"wasInterrupted":false}